RUNNING FASTQC
Running FastQC on ../P1432_fastqs/P1432_10_Rat_166_intact_BAT_Vehicle_S10_L001_R1_001.fastq.gz...
application/gzip
Started analysis of P1432_10_Rat_166_intact_BAT_Vehicle_S10_L001_R1_001.fastq.gz
Approx 5% complete for P1432_10_Rat_166_intact_BAT_Vehicle_S10_L001_R1_001.fastq.gz
Approx 10% complete for P1432_10_Rat_166_intact_BAT_Vehicle_S10_L001_R1_001.fastq.gz
Approx 15% complete for P1432_10_Rat_166_intact_BAT_Vehicle_S10_L001_R1_001.fastq.gz
Approx 20% complete for P1432_10_Rat_166_intact_BAT_Vehicle_S10_L001_R1_001.fastq.gz
Approx 25% complete for P1432_10_Rat_166_intact_BAT_Vehicle_S10_L001_R1_001.fastq.gz
Approx 30% complete for P1432_10_Rat_166_intact_BAT_Vehicle_S10_L001_R1_001.fastq.gz
Approx 35% complete for P1432_10_Rat_166_intact_BAT_Vehicle_S10_L001_R1_001.fastq.gz
Approx 40% complete for P1432_10_Rat_166_intact_BAT_Vehicle_S10_L001_R1_001.fastq.gz
Approx 45% complete for P1432_10_Rat_166_intact_BAT_Vehicle_S10_L001_R1_001.fastq.gz
Approx 50% complete for P1432_10_Rat_166_intact_BAT_Vehicle_S10_L001_R1_001.fastq.gz
Approx 55% complete for P1432_10_Rat_166_intact_BAT_Vehicle_S10_L001_R1_001.fastq.gz
Approx 60% complete for P1432_10_Rat_166_intact_BAT_Vehicle_S10_L001_R1_001.fastq.gz
Approx 65% complete for P1432_10_Rat_166_intact_BAT_Vehicle_S10_L001_R1_001.fastq.gz
Approx 70% complete for P1432_10_Rat_166_intact_BAT_Vehicle_S10_L001_R1_001.fastq.gz
Approx 75% complete for P1432_10_Rat_166_intact_BAT_Vehicle_S10_L001_R1_001.fastq.gz
Approx 80% complete for P1432_10_Rat_166_intact_BAT_Vehicle_S10_L001_R1_001.fastq.gz
Approx 85% complete for P1432_10_Rat_166_intact_BAT_Vehicle_S10_L001_R1_001.fastq.gz
Approx 90% complete for P1432_10_Rat_166_intact_BAT_Vehicle_S10_L001_R1_001.fastq.gz
Approx 95% complete for P1432_10_Rat_166_intact_BAT_Vehicle_S10_L001_R1_001.fastq.gz
Analysis complete for P1432_10_Rat_166_intact_BAT_Vehicle_S10_L001_R1_001.fastq.gz
Running FastQC on ../P1432_fastqs/P1432_11_Rat_95_BATx_Leptin_S11_L001_R1_001.fastq.gz...
application/gzip
Started analysis of P1432_11_Rat_95_BATx_Leptin_S11_L001_R1_001.fastq.gz
Approx 5% complete for P1432_11_Rat_95_BATx_Leptin_S11_L001_R1_001.fastq.gz
Approx 10% complete for P1432_11_Rat_95_BATx_Leptin_S11_L001_R1_001.fastq.gz
Approx 15% complete for P1432_11_Rat_95_BATx_Leptin_S11_L001_R1_001.fastq.gz
Approx 20% complete for P1432_11_Rat_95_BATx_Leptin_S11_L001_R1_001.fastq.gz
Approx 25% complete for P1432_11_Rat_95_BATx_Leptin_S11_L001_R1_001.fastq.gz
Approx 30% complete for P1432_11_Rat_95_BATx_Leptin_S11_L001_R1_001.fastq.gz
Approx 35% complete for P1432_11_Rat_95_BATx_Leptin_S11_L001_R1_001.fastq.gz
Approx 40% complete for P1432_11_Rat_95_BATx_Leptin_S11_L001_R1_001.fastq.gz
Approx 45% complete for P1432_11_Rat_95_BATx_Leptin_S11_L001_R1_001.fastq.gz
Approx 50% complete for P1432_11_Rat_95_BATx_Leptin_S11_L001_R1_001.fastq.gz
Approx 55% complete for P1432_11_Rat_95_BATx_Leptin_S11_L001_R1_001.fastq.gz
Approx 60% complete for P1432_11_Rat_95_BATx_Leptin_S11_L001_R1_001.fastq.gz
Approx 65% complete for P1432_11_Rat_95_BATx_Leptin_S11_L001_R1_001.fastq.gz
Approx 70% complete for P1432_11_Rat_95_BATx_Leptin_S11_L001_R1_001.fastq.gz
Approx 75% complete for P1432_11_Rat_95_BATx_Leptin_S11_L001_R1_001.fastq.gz
Approx 80% complete for P1432_11_Rat_95_BATx_Leptin_S11_L001_R1_001.fastq.gz
Approx 85% complete for P1432_11_Rat_95_BATx_Leptin_S11_L001_R1_001.fastq.gz
Approx 90% complete for P1432_11_Rat_95_BATx_Leptin_S11_L001_R1_001.fastq.gz
Approx 95% complete for P1432_11_Rat_95_BATx_Leptin_S11_L001_R1_001.fastq.gz
Analysis complete for P1432_11_Rat_95_BATx_Leptin_S11_L001_R1_001.fastq.gz
Running FastQC on ../P1432_fastqs/P1432_12_Rat_148_BATx_Leptin_S12_L001_R1_001.fastq.gz...
application/gzip
Started analysis of P1432_12_Rat_148_BATx_Leptin_S12_L001_R1_001.fastq.gz
Approx 5% complete for P1432_12_Rat_148_BATx_Leptin_S12_L001_R1_001.fastq.gz
Approx 10% complete for P1432_12_Rat_148_BATx_Leptin_S12_L001_R1_001.fastq.gz
Approx 15% complete for P1432_12_Rat_148_BATx_Leptin_S12_L001_R1_001.fastq.gz
Approx 20% complete for P1432_12_Rat_148_BATx_Leptin_S12_L001_R1_001.fastq.gz
Approx 25% complete for P1432_12_Rat_148_BATx_Leptin_S12_L001_R1_001.fastq.gz
Approx 30% complete for P1432_12_Rat_148_BATx_Leptin_S12_L001_R1_001.fastq.gz
Approx 35% complete for P1432_12_Rat_148_BATx_Leptin_S12_L001_R1_001.fastq.gz
Approx 40% complete for P1432_12_Rat_148_BATx_Leptin_S12_L001_R1_001.fastq.gz
Approx 45% complete for P1432_12_Rat_148_BATx_Leptin_S12_L001_R1_001.fastq.gz
Approx 50% complete for P1432_12_Rat_148_BATx_Leptin_S12_L001_R1_001.fastq.gz
Approx 55% complete for P1432_12_Rat_148_BATx_Leptin_S12_L001_R1_001.fastq.gz
Approx 60% complete for P1432_12_Rat_148_BATx_Leptin_S12_L001_R1_001.fastq.gz
Approx 65% complete for P1432_12_Rat_148_BATx_Leptin_S12_L001_R1_001.fastq.gz
Approx 70% complete for P1432_12_Rat_148_BATx_Leptin_S12_L001_R1_001.fastq.gz
Approx 75% complete for P1432_12_Rat_148_BATx_Leptin_S12_L001_R1_001.fastq.gz
Approx 80% complete for P1432_12_Rat_148_BATx_Leptin_S12_L001_R1_001.fastq.gz
Approx 85% complete for P1432_12_Rat_148_BATx_Leptin_S12_L001_R1_001.fastq.gz
Approx 90% complete for P1432_12_Rat_148_BATx_Leptin_S12_L001_R1_001.fastq.gz
Approx 95% complete for P1432_12_Rat_148_BATx_Leptin_S12_L001_R1_001.fastq.gz
Analysis complete for P1432_12_Rat_148_BATx_Leptin_S12_L001_R1_001.fastq.gz
Running FastQC on ../P1432_fastqs/P1432_13_Rat_152_BATx_Leptin_S13_L001_R1_001.fastq.gz...
application/gzip
Started analysis of P1432_13_Rat_152_BATx_Leptin_S13_L001_R1_001.fastq.gz
Approx 5% complete for P1432_13_Rat_152_BATx_Leptin_S13_L001_R1_001.fastq.gz
Approx 10% complete for P1432_13_Rat_152_BATx_Leptin_S13_L001_R1_001.fastq.gz
Approx 15% complete for P1432_13_Rat_152_BATx_Leptin_S13_L001_R1_001.fastq.gz
Approx 20% complete for P1432_13_Rat_152_BATx_Leptin_S13_L001_R1_001.fastq.gz
Approx 25% complete for P1432_13_Rat_152_BATx_Leptin_S13_L001_R1_001.fastq.gz
Approx 30% complete for P1432_13_Rat_152_BATx_Leptin_S13_L001_R1_001.fastq.gz
Approx 35% complete for P1432_13_Rat_152_BATx_Leptin_S13_L001_R1_001.fastq.gz
Approx 40% complete for P1432_13_Rat_152_BATx_Leptin_S13_L001_R1_001.fastq.gz
Approx 45% complete for P1432_13_Rat_152_BATx_Leptin_S13_L001_R1_001.fastq.gz
Approx 50% complete for P1432_13_Rat_152_BATx_Leptin_S13_L001_R1_001.fastq.gz
Approx 55% complete for P1432_13_Rat_152_BATx_Leptin_S13_L001_R1_001.fastq.gz
Approx 60% complete for P1432_13_Rat_152_BATx_Leptin_S13_L001_R1_001.fastq.gz
Approx 65% complete for P1432_13_Rat_152_BATx_Leptin_S13_L001_R1_001.fastq.gz
Approx 70% complete for P1432_13_Rat_152_BATx_Leptin_S13_L001_R1_001.fastq.gz
Approx 75% complete for P1432_13_Rat_152_BATx_Leptin_S13_L001_R1_001.fastq.gz
Approx 80% complete for P1432_13_Rat_152_BATx_Leptin_S13_L001_R1_001.fastq.gz
Approx 85% complete for P1432_13_Rat_152_BATx_Leptin_S13_L001_R1_001.fastq.gz
Approx 90% complete for P1432_13_Rat_152_BATx_Leptin_S13_L001_R1_001.fastq.gz
Approx 95% complete for P1432_13_Rat_152_BATx_Leptin_S13_L001_R1_001.fastq.gz
Analysis complete for P1432_13_Rat_152_BATx_Leptin_S13_L001_R1_001.fastq.gz
Running FastQC on ../P1432_fastqs/P1432_14_Rat_157_BATx_Leptin_S14_L001_R1_001.fastq.gz...
application/gzip
Started analysis of P1432_14_Rat_157_BATx_Leptin_S14_L001_R1_001.fastq.gz
Approx 5% complete for P1432_14_Rat_157_BATx_Leptin_S14_L001_R1_001.fastq.gz
Approx 10% complete for P1432_14_Rat_157_BATx_Leptin_S14_L001_R1_001.fastq.gz
Approx 15% complete for P1432_14_Rat_157_BATx_Leptin_S14_L001_R1_001.fastq.gz
Approx 20% complete for P1432_14_Rat_157_BATx_Leptin_S14_L001_R1_001.fastq.gz
Approx 25% complete for P1432_14_Rat_157_BATx_Leptin_S14_L001_R1_001.fastq.gz
Approx 30% complete for P1432_14_Rat_157_BATx_Leptin_S14_L001_R1_001.fastq.gz
Approx 35% complete for P1432_14_Rat_157_BATx_Leptin_S14_L001_R1_001.fastq.gz
Approx 40% complete for P1432_14_Rat_157_BATx_Leptin_S14_L001_R1_001.fastq.gz
Approx 45% complete for P1432_14_Rat_157_BATx_Leptin_S14_L001_R1_001.fastq.gz
Approx 50% complete for P1432_14_Rat_157_BATx_Leptin_S14_L001_R1_001.fastq.gz
Approx 55% complete for P1432_14_Rat_157_BATx_Leptin_S14_L001_R1_001.fastq.gz
Approx 60% complete for P1432_14_Rat_157_BATx_Leptin_S14_L001_R1_001.fastq.gz
Approx 65% complete for P1432_14_Rat_157_BATx_Leptin_S14_L001_R1_001.fastq.gz
Approx 70% complete for P1432_14_Rat_157_BATx_Leptin_S14_L001_R1_001.fastq.gz
Approx 75% complete for P1432_14_Rat_157_BATx_Leptin_S14_L001_R1_001.fastq.gz
Approx 80% complete for P1432_14_Rat_157_BATx_Leptin_S14_L001_R1_001.fastq.gz
Approx 85% complete for P1432_14_Rat_157_BATx_Leptin_S14_L001_R1_001.fastq.gz
Approx 90% complete for P1432_14_Rat_157_BATx_Leptin_S14_L001_R1_001.fastq.gz
Approx 95% complete for P1432_14_Rat_157_BATx_Leptin_S14_L001_R1_001.fastq.gz
Analysis complete for P1432_14_Rat_157_BATx_Leptin_S14_L001_R1_001.fastq.gz
Running FastQC on ../P1432_fastqs/P1432_15_Rat_164_BATx_Leptin_S15_L001_R1_001.fastq.gz...
application/gzip
Started analysis of P1432_15_Rat_164_BATx_Leptin_S15_L001_R1_001.fastq.gz
Approx 5% complete for P1432_15_Rat_164_BATx_Leptin_S15_L001_R1_001.fastq.gz
Approx 10% complete for P1432_15_Rat_164_BATx_Leptin_S15_L001_R1_001.fastq.gz
Approx 15% complete for P1432_15_Rat_164_BATx_Leptin_S15_L001_R1_001.fastq.gz
Approx 20% complete for P1432_15_Rat_164_BATx_Leptin_S15_L001_R1_001.fastq.gz
Approx 25% complete for P1432_15_Rat_164_BATx_Leptin_S15_L001_R1_001.fastq.gz
Approx 30% complete for P1432_15_Rat_164_BATx_Leptin_S15_L001_R1_001.fastq.gz
Approx 35% complete for P1432_15_Rat_164_BATx_Leptin_S15_L001_R1_001.fastq.gz
Approx 40% complete for P1432_15_Rat_164_BATx_Leptin_S15_L001_R1_001.fastq.gz
Approx 45% complete for P1432_15_Rat_164_BATx_Leptin_S15_L001_R1_001.fastq.gz
Approx 50% complete for P1432_15_Rat_164_BATx_Leptin_S15_L001_R1_001.fastq.gz
Approx 55% complete for P1432_15_Rat_164_BATx_Leptin_S15_L001_R1_001.fastq.gz
Approx 60% complete for P1432_15_Rat_164_BATx_Leptin_S15_L001_R1_001.fastq.gz
Approx 65% complete for P1432_15_Rat_164_BATx_Leptin_S15_L001_R1_001.fastq.gz
Approx 70% complete for P1432_15_Rat_164_BATx_Leptin_S15_L001_R1_001.fastq.gz
Approx 75% complete for P1432_15_Rat_164_BATx_Leptin_S15_L001_R1_001.fastq.gz
Approx 80% complete for P1432_15_Rat_164_BATx_Leptin_S15_L001_R1_001.fastq.gz
Approx 85% complete for P1432_15_Rat_164_BATx_Leptin_S15_L001_R1_001.fastq.gz
Approx 90% complete for P1432_15_Rat_164_BATx_Leptin_S15_L001_R1_001.fastq.gz
Approx 95% complete for P1432_15_Rat_164_BATx_Leptin_S15_L001_R1_001.fastq.gz
Analysis complete for P1432_15_Rat_164_BATx_Leptin_S15_L001_R1_001.fastq.gz
Running FastQC on ../P1432_fastqs/P1432_16_Rat_53_BATsx_Leptin_S16_L001_R1_001.fastq.gz...
application/gzip
Started analysis of P1432_16_Rat_53_BATsx_Leptin_S16_L001_R1_001.fastq.gz
Approx 5% complete for P1432_16_Rat_53_BATsx_Leptin_S16_L001_R1_001.fastq.gz
Approx 10% complete for P1432_16_Rat_53_BATsx_Leptin_S16_L001_R1_001.fastq.gz
Approx 15% complete for P1432_16_Rat_53_BATsx_Leptin_S16_L001_R1_001.fastq.gz
Approx 20% complete for P1432_16_Rat_53_BATsx_Leptin_S16_L001_R1_001.fastq.gz
Approx 25% complete for P1432_16_Rat_53_BATsx_Leptin_S16_L001_R1_001.fastq.gz
Approx 30% complete for P1432_16_Rat_53_BATsx_Leptin_S16_L001_R1_001.fastq.gz
Approx 35% complete for P1432_16_Rat_53_BATsx_Leptin_S16_L001_R1_001.fastq.gz
Approx 40% complete for P1432_16_Rat_53_BATsx_Leptin_S16_L001_R1_001.fastq.gz
Approx 45% complete for P1432_16_Rat_53_BATsx_Leptin_S16_L001_R1_001.fastq.gz
Approx 50% complete for P1432_16_Rat_53_BATsx_Leptin_S16_L001_R1_001.fastq.gz
Approx 55% complete for P1432_16_Rat_53_BATsx_Leptin_S16_L001_R1_001.fastq.gz
Approx 60% complete for P1432_16_Rat_53_BATsx_Leptin_S16_L001_R1_001.fastq.gz
Approx 65% complete for P1432_16_Rat_53_BATsx_Leptin_S16_L001_R1_001.fastq.gz
Approx 70% complete for P1432_16_Rat_53_BATsx_Leptin_S16_L001_R1_001.fastq.gz
Approx 75% complete for P1432_16_Rat_53_BATsx_Leptin_S16_L001_R1_001.fastq.gz
Approx 80% complete for P1432_16_Rat_53_BATsx_Leptin_S16_L001_R1_001.fastq.gz
Approx 85% complete for P1432_16_Rat_53_BATsx_Leptin_S16_L001_R1_001.fastq.gz
Approx 90% complete for P1432_16_Rat_53_BATsx_Leptin_S16_L001_R1_001.fastq.gz
Approx 95% complete for P1432_16_Rat_53_BATsx_Leptin_S16_L001_R1_001.fastq.gz
Analysis complete for P1432_16_Rat_53_BATsx_Leptin_S16_L001_R1_001.fastq.gz
Running FastQC on ../P1432_fastqs/P1432_17_Rat_71_BATsx_Leptin_S17_L001_R1_001.fastq.gz...
application/gzip
Started analysis of P1432_17_Rat_71_BATsx_Leptin_S17_L001_R1_001.fastq.gz
Approx 5% complete for P1432_17_Rat_71_BATsx_Leptin_S17_L001_R1_001.fastq.gz
Approx 10% complete for P1432_17_Rat_71_BATsx_Leptin_S17_L001_R1_001.fastq.gz
Approx 15% complete for P1432_17_Rat_71_BATsx_Leptin_S17_L001_R1_001.fastq.gz
Approx 20% complete for P1432_17_Rat_71_BATsx_Leptin_S17_L001_R1_001.fastq.gz
Approx 25% complete for P1432_17_Rat_71_BATsx_Leptin_S17_L001_R1_001.fastq.gz
Approx 30% complete for P1432_17_Rat_71_BATsx_Leptin_S17_L001_R1_001.fastq.gz
Approx 35% complete for P1432_17_Rat_71_BATsx_Leptin_S17_L001_R1_001.fastq.gz
Approx 40% complete for P1432_17_Rat_71_BATsx_Leptin_S17_L001_R1_001.fastq.gz
Approx 45% complete for P1432_17_Rat_71_BATsx_Leptin_S17_L001_R1_001.fastq.gz
Approx 50% complete for P1432_17_Rat_71_BATsx_Leptin_S17_L001_R1_001.fastq.gz
Approx 55% complete for P1432_17_Rat_71_BATsx_Leptin_S17_L001_R1_001.fastq.gz
Approx 60% complete for P1432_17_Rat_71_BATsx_Leptin_S17_L001_R1_001.fastq.gz
Approx 65% complete for P1432_17_Rat_71_BATsx_Leptin_S17_L001_R1_001.fastq.gz
Approx 70% complete for P1432_17_Rat_71_BATsx_Leptin_S17_L001_R1_001.fastq.gz
Approx 75% complete for P1432_17_Rat_71_BATsx_Leptin_S17_L001_R1_001.fastq.gz
Approx 80% complete for P1432_17_Rat_71_BATsx_Leptin_S17_L001_R1_001.fastq.gz
Approx 85% complete for P1432_17_Rat_71_BATsx_Leptin_S17_L001_R1_001.fastq.gz
Approx 90% complete for P1432_17_Rat_71_BATsx_Leptin_S17_L001_R1_001.fastq.gz
Approx 95% complete for P1432_17_Rat_71_BATsx_Leptin_S17_L001_R1_001.fastq.gz
Analysis complete for P1432_17_Rat_71_BATsx_Leptin_S17_L001_R1_001.fastq.gz
Running FastQC on ../P1432_fastqs/P1432_18_Rat_101_BATsx_Leptin_S18_L001_R1_001.fastq.gz...
application/gzip
Started analysis of P1432_18_Rat_101_BATsx_Leptin_S18_L001_R1_001.fastq.gz
Approx 5% complete for P1432_18_Rat_101_BATsx_Leptin_S18_L001_R1_001.fastq.gz
Approx 10% complete for P1432_18_Rat_101_BATsx_Leptin_S18_L001_R1_001.fastq.gz
Approx 15% complete for P1432_18_Rat_101_BATsx_Leptin_S18_L001_R1_001.fastq.gz
Approx 20% complete for P1432_18_Rat_101_BATsx_Leptin_S18_L001_R1_001.fastq.gz
Approx 25% complete for P1432_18_Rat_101_BATsx_Leptin_S18_L001_R1_001.fastq.gz
Approx 30% complete for P1432_18_Rat_101_BATsx_Leptin_S18_L001_R1_001.fastq.gz
Approx 35% complete for P1432_18_Rat_101_BATsx_Leptin_S18_L001_R1_001.fastq.gz
Approx 40% complete for P1432_18_Rat_101_BATsx_Leptin_S18_L001_R1_001.fastq.gz
Approx 45% complete for P1432_18_Rat_101_BATsx_Leptin_S18_L001_R1_001.fastq.gz
Approx 50% complete for P1432_18_Rat_101_BATsx_Leptin_S18_L001_R1_001.fastq.gz
Approx 55% complete for P1432_18_Rat_101_BATsx_Leptin_S18_L001_R1_001.fastq.gz
Approx 60% complete for P1432_18_Rat_101_BATsx_Leptin_S18_L001_R1_001.fastq.gz
Approx 65% complete for P1432_18_Rat_101_BATsx_Leptin_S18_L001_R1_001.fastq.gz
Approx 70% complete for P1432_18_Rat_101_BATsx_Leptin_S18_L001_R1_001.fastq.gz
Approx 75% complete for P1432_18_Rat_101_BATsx_Leptin_S18_L001_R1_001.fastq.gz
Approx 80% complete for P1432_18_Rat_101_BATsx_Leptin_S18_L001_R1_001.fastq.gz
Approx 85% complete for P1432_18_Rat_101_BATsx_Leptin_S18_L001_R1_001.fastq.gz
Approx 90% complete for P1432_18_Rat_101_BATsx_Leptin_S18_L001_R1_001.fastq.gz
Approx 95% complete for P1432_18_Rat_101_BATsx_Leptin_S18_L001_R1_001.fastq.gz
Analysis complete for P1432_18_Rat_101_BATsx_Leptin_S18_L001_R1_001.fastq.gz
Running FastQC on ../P1432_fastqs/P1432_19_Rat_132_BATsx_Leptin_S19_L001_R1_001.fastq.gz...
application/gzip
Started analysis of P1432_19_Rat_132_BATsx_Leptin_S19_L001_R1_001.fastq.gz
Approx 5% complete for P1432_19_Rat_132_BATsx_Leptin_S19_L001_R1_001.fastq.gz
Approx 10% complete for P1432_19_Rat_132_BATsx_Leptin_S19_L001_R1_001.fastq.gz
Approx 15% complete for P1432_19_Rat_132_BATsx_Leptin_S19_L001_R1_001.fastq.gz
Approx 20% complete for P1432_19_Rat_132_BATsx_Leptin_S19_L001_R1_001.fastq.gz
Approx 25% complete for P1432_19_Rat_132_BATsx_Leptin_S19_L001_R1_001.fastq.gz
Approx 30% complete for P1432_19_Rat_132_BATsx_Leptin_S19_L001_R1_001.fastq.gz
Approx 35% complete for P1432_19_Rat_132_BATsx_Leptin_S19_L001_R1_001.fastq.gz
Approx 40% complete for P1432_19_Rat_132_BATsx_Leptin_S19_L001_R1_001.fastq.gz
Approx 45% complete for P1432_19_Rat_132_BATsx_Leptin_S19_L001_R1_001.fastq.gz
Approx 50% complete for P1432_19_Rat_132_BATsx_Leptin_S19_L001_R1_001.fastq.gz
Approx 55% complete for P1432_19_Rat_132_BATsx_Leptin_S19_L001_R1_001.fastq.gz
Approx 60% complete for P1432_19_Rat_132_BATsx_Leptin_S19_L001_R1_001.fastq.gz
Approx 65% complete for P1432_19_Rat_132_BATsx_Leptin_S19_L001_R1_001.fastq.gz
Approx 70% complete for P1432_19_Rat_132_BATsx_Leptin_S19_L001_R1_001.fastq.gz
Approx 75% complete for P1432_19_Rat_132_BATsx_Leptin_S19_L001_R1_001.fastq.gz
Approx 80% complete for P1432_19_Rat_132_BATsx_Leptin_S19_L001_R1_001.fastq.gz
Approx 85% complete for P1432_19_Rat_132_BATsx_Leptin_S19_L001_R1_001.fastq.gz
Approx 90% complete for P1432_19_Rat_132_BATsx_Leptin_S19_L001_R1_001.fastq.gz
Approx 95% complete for P1432_19_Rat_132_BATsx_Leptin_S19_L001_R1_001.fastq.gz
Analysis complete for P1432_19_Rat_132_BATsx_Leptin_S19_L001_R1_001.fastq.gz
Running FastQC on ../P1432_fastqs/P1432_1_Rat_60_intact_BAT_Leptin_S1_L001_R1_001.fastq.gz...
application/gzip
Started analysis of P1432_1_Rat_60_intact_BAT_Leptin_S1_L001_R1_001.fastq.gz
Approx 5% complete for P1432_1_Rat_60_intact_BAT_Leptin_S1_L001_R1_001.fastq.gz
Approx 10% complete for P1432_1_Rat_60_intact_BAT_Leptin_S1_L001_R1_001.fastq.gz
Approx 15% complete for P1432_1_Rat_60_intact_BAT_Leptin_S1_L001_R1_001.fastq.gz
Approx 20% complete for P1432_1_Rat_60_intact_BAT_Leptin_S1_L001_R1_001.fastq.gz
Approx 25% complete for P1432_1_Rat_60_intact_BAT_Leptin_S1_L001_R1_001.fastq.gz
Approx 30% complete for P1432_1_Rat_60_intact_BAT_Leptin_S1_L001_R1_001.fastq.gz
Approx 35% complete for P1432_1_Rat_60_intact_BAT_Leptin_S1_L001_R1_001.fastq.gz
Approx 40% complete for P1432_1_Rat_60_intact_BAT_Leptin_S1_L001_R1_001.fastq.gz
Approx 45% complete for P1432_1_Rat_60_intact_BAT_Leptin_S1_L001_R1_001.fastq.gz
Approx 50% complete for P1432_1_Rat_60_intact_BAT_Leptin_S1_L001_R1_001.fastq.gz
Approx 55% complete for P1432_1_Rat_60_intact_BAT_Leptin_S1_L001_R1_001.fastq.gz
Approx 60% complete for P1432_1_Rat_60_intact_BAT_Leptin_S1_L001_R1_001.fastq.gz
Approx 65% complete for P1432_1_Rat_60_intact_BAT_Leptin_S1_L001_R1_001.fastq.gz
Approx 70% complete for P1432_1_Rat_60_intact_BAT_Leptin_S1_L001_R1_001.fastq.gz
Approx 75% complete for P1432_1_Rat_60_intact_BAT_Leptin_S1_L001_R1_001.fastq.gz
Approx 80% complete for P1432_1_Rat_60_intact_BAT_Leptin_S1_L001_R1_001.fastq.gz
Approx 85% complete for P1432_1_Rat_60_intact_BAT_Leptin_S1_L001_R1_001.fastq.gz
Approx 90% complete for P1432_1_Rat_60_intact_BAT_Leptin_S1_L001_R1_001.fastq.gz
Approx 95% complete for P1432_1_Rat_60_intact_BAT_Leptin_S1_L001_R1_001.fastq.gz
Analysis complete for P1432_1_Rat_60_intact_BAT_Leptin_S1_L001_R1_001.fastq.gz
Running FastQC on ../P1432_fastqs/P1432_20_Rat_155_BATsx_Leptin_S20_L001_R1_001.fastq.gz...
application/gzip
Started analysis of P1432_20_Rat_155_BATsx_Leptin_S20_L001_R1_001.fastq.gz
Approx 5% complete for P1432_20_Rat_155_BATsx_Leptin_S20_L001_R1_001.fastq.gz
Approx 10% complete for P1432_20_Rat_155_BATsx_Leptin_S20_L001_R1_001.fastq.gz
Approx 15% complete for P1432_20_Rat_155_BATsx_Leptin_S20_L001_R1_001.fastq.gz
Approx 20% complete for P1432_20_Rat_155_BATsx_Leptin_S20_L001_R1_001.fastq.gz
Approx 25% complete for P1432_20_Rat_155_BATsx_Leptin_S20_L001_R1_001.fastq.gz
Approx 30% complete for P1432_20_Rat_155_BATsx_Leptin_S20_L001_R1_001.fastq.gz
Approx 35% complete for P1432_20_Rat_155_BATsx_Leptin_S20_L001_R1_001.fastq.gz
Approx 40% complete for P1432_20_Rat_155_BATsx_Leptin_S20_L001_R1_001.fastq.gz
Approx 45% complete for P1432_20_Rat_155_BATsx_Leptin_S20_L001_R1_001.fastq.gz
Approx 50% complete for P1432_20_Rat_155_BATsx_Leptin_S20_L001_R1_001.fastq.gz
Approx 55% complete for P1432_20_Rat_155_BATsx_Leptin_S20_L001_R1_001.fastq.gz
Approx 60% complete for P1432_20_Rat_155_BATsx_Leptin_S20_L001_R1_001.fastq.gz
Approx 65% complete for P1432_20_Rat_155_BATsx_Leptin_S20_L001_R1_001.fastq.gz
Approx 70% complete for P1432_20_Rat_155_BATsx_Leptin_S20_L001_R1_001.fastq.gz
Approx 75% complete for P1432_20_Rat_155_BATsx_Leptin_S20_L001_R1_001.fastq.gz
Approx 80% complete for P1432_20_Rat_155_BATsx_Leptin_S20_L001_R1_001.fastq.gz
Approx 85% complete for P1432_20_Rat_155_BATsx_Leptin_S20_L001_R1_001.fastq.gz
Approx 90% complete for P1432_20_Rat_155_BATsx_Leptin_S20_L001_R1_001.fastq.gz
Approx 95% complete for P1432_20_Rat_155_BATsx_Leptin_S20_L001_R1_001.fastq.gz
Analysis complete for P1432_20_Rat_155_BATsx_Leptin_S20_L001_R1_001.fastq.gz
Running FastQC on ../P1432_fastqs/P1432_21_Sham_1_Sham_S21_L001_R1_001.fastq.gz...
application/gzip
Started analysis of P1432_21_Sham_1_Sham_S21_L001_R1_001.fastq.gz
Approx 5% complete for P1432_21_Sham_1_Sham_S21_L001_R1_001.fastq.gz
Approx 10% complete for P1432_21_Sham_1_Sham_S21_L001_R1_001.fastq.gz
Approx 15% complete for P1432_21_Sham_1_Sham_S21_L001_R1_001.fastq.gz
Approx 20% complete for P1432_21_Sham_1_Sham_S21_L001_R1_001.fastq.gz
Approx 25% complete for P1432_21_Sham_1_Sham_S21_L001_R1_001.fastq.gz
Approx 30% complete for P1432_21_Sham_1_Sham_S21_L001_R1_001.fastq.gz
Approx 35% complete for P1432_21_Sham_1_Sham_S21_L001_R1_001.fastq.gz
Approx 40% complete for P1432_21_Sham_1_Sham_S21_L001_R1_001.fastq.gz
Approx 45% complete for P1432_21_Sham_1_Sham_S21_L001_R1_001.fastq.gz
Approx 50% complete for P1432_21_Sham_1_Sham_S21_L001_R1_001.fastq.gz
Approx 55% complete for P1432_21_Sham_1_Sham_S21_L001_R1_001.fastq.gz
Approx 60% complete for P1432_21_Sham_1_Sham_S21_L001_R1_001.fastq.gz
Approx 65% complete for P1432_21_Sham_1_Sham_S21_L001_R1_001.fastq.gz
Approx 70% complete for P1432_21_Sham_1_Sham_S21_L001_R1_001.fastq.gz
Approx 75% complete for P1432_21_Sham_1_Sham_S21_L001_R1_001.fastq.gz
Approx 80% complete for P1432_21_Sham_1_Sham_S21_L001_R1_001.fastq.gz
Approx 85% complete for P1432_21_Sham_1_Sham_S21_L001_R1_001.fastq.gz
Approx 90% complete for P1432_21_Sham_1_Sham_S21_L001_R1_001.fastq.gz
Approx 95% complete for P1432_21_Sham_1_Sham_S21_L001_R1_001.fastq.gz
Analysis complete for P1432_21_Sham_1_Sham_S21_L001_R1_001.fastq.gz
Running FastQC on ../P1432_fastqs/P1432_22_Sham_3_Sham_S22_L001_R1_001.fastq.gz...
application/gzip
Started analysis of P1432_22_Sham_3_Sham_S22_L001_R1_001.fastq.gz
Approx 5% complete for P1432_22_Sham_3_Sham_S22_L001_R1_001.fastq.gz
Approx 10% complete for P1432_22_Sham_3_Sham_S22_L001_R1_001.fastq.gz
Approx 15% complete for P1432_22_Sham_3_Sham_S22_L001_R1_001.fastq.gz
Approx 20% complete for P1432_22_Sham_3_Sham_S22_L001_R1_001.fastq.gz
Approx 25% complete for P1432_22_Sham_3_Sham_S22_L001_R1_001.fastq.gz
Approx 30% complete for P1432_22_Sham_3_Sham_S22_L001_R1_001.fastq.gz
Approx 35% complete for P1432_22_Sham_3_Sham_S22_L001_R1_001.fastq.gz
Approx 40% complete for P1432_22_Sham_3_Sham_S22_L001_R1_001.fastq.gz
Approx 45% complete for P1432_22_Sham_3_Sham_S22_L001_R1_001.fastq.gz
Approx 50% complete for P1432_22_Sham_3_Sham_S22_L001_R1_001.fastq.gz
Approx 55% complete for P1432_22_Sham_3_Sham_S22_L001_R1_001.fastq.gz
Approx 60% complete for P1432_22_Sham_3_Sham_S22_L001_R1_001.fastq.gz
Approx 65% complete for P1432_22_Sham_3_Sham_S22_L001_R1_001.fastq.gz
Approx 70% complete for P1432_22_Sham_3_Sham_S22_L001_R1_001.fastq.gz
Approx 75% complete for P1432_22_Sham_3_Sham_S22_L001_R1_001.fastq.gz
Approx 80% complete for P1432_22_Sham_3_Sham_S22_L001_R1_001.fastq.gz
Approx 85% complete for P1432_22_Sham_3_Sham_S22_L001_R1_001.fastq.gz
Approx 90% complete for P1432_22_Sham_3_Sham_S22_L001_R1_001.fastq.gz
Approx 95% complete for P1432_22_Sham_3_Sham_S22_L001_R1_001.fastq.gz
Analysis complete for P1432_22_Sham_3_Sham_S22_L001_R1_001.fastq.gz
Running FastQC on ../P1432_fastqs/P1432_23_Sham_4_Sham_S23_L001_R1_001.fastq.gz...
application/gzip
Started analysis of P1432_23_Sham_4_Sham_S23_L001_R1_001.fastq.gz
Approx 5% complete for P1432_23_Sham_4_Sham_S23_L001_R1_001.fastq.gz
Approx 10% complete for P1432_23_Sham_4_Sham_S23_L001_R1_001.fastq.gz
Approx 15% complete for P1432_23_Sham_4_Sham_S23_L001_R1_001.fastq.gz
Approx 20% complete for P1432_23_Sham_4_Sham_S23_L001_R1_001.fastq.gz
Approx 25% complete for P1432_23_Sham_4_Sham_S23_L001_R1_001.fastq.gz
Approx 30% complete for P1432_23_Sham_4_Sham_S23_L001_R1_001.fastq.gz
Approx 35% complete for P1432_23_Sham_4_Sham_S23_L001_R1_001.fastq.gz
Approx 40% complete for P1432_23_Sham_4_Sham_S23_L001_R1_001.fastq.gz
Approx 45% complete for P1432_23_Sham_4_Sham_S23_L001_R1_001.fastq.gz
Approx 50% complete for P1432_23_Sham_4_Sham_S23_L001_R1_001.fastq.gz
Approx 55% complete for P1432_23_Sham_4_Sham_S23_L001_R1_001.fastq.gz
Approx 60% complete for P1432_23_Sham_4_Sham_S23_L001_R1_001.fastq.gz
Approx 65% complete for P1432_23_Sham_4_Sham_S23_L001_R1_001.fastq.gz
Approx 70% complete for P1432_23_Sham_4_Sham_S23_L001_R1_001.fastq.gz
Approx 75% complete for P1432_23_Sham_4_Sham_S23_L001_R1_001.fastq.gz
Approx 80% complete for P1432_23_Sham_4_Sham_S23_L001_R1_001.fastq.gz
Approx 85% complete for P1432_23_Sham_4_Sham_S23_L001_R1_001.fastq.gz
Approx 90% complete for P1432_23_Sham_4_Sham_S23_L001_R1_001.fastq.gz
Approx 95% complete for P1432_23_Sham_4_Sham_S23_L001_R1_001.fastq.gz
Analysis complete for P1432_23_Sham_4_Sham_S23_L001_R1_001.fastq.gz
Running FastQC on ../P1432_fastqs/P1432_24_Sham_5_Sham_S24_L001_R1_001.fastq.gz...
application/gzip
Started analysis of P1432_24_Sham_5_Sham_S24_L001_R1_001.fastq.gz
Approx 5% complete for P1432_24_Sham_5_Sham_S24_L001_R1_001.fastq.gz
Approx 10% complete for P1432_24_Sham_5_Sham_S24_L001_R1_001.fastq.gz
Approx 15% complete for P1432_24_Sham_5_Sham_S24_L001_R1_001.fastq.gz
Approx 20% complete for P1432_24_Sham_5_Sham_S24_L001_R1_001.fastq.gz
Approx 25% complete for P1432_24_Sham_5_Sham_S24_L001_R1_001.fastq.gz
Approx 30% complete for P1432_24_Sham_5_Sham_S24_L001_R1_001.fastq.gz
Approx 35% complete for P1432_24_Sham_5_Sham_S24_L001_R1_001.fastq.gz
Approx 40% complete for P1432_24_Sham_5_Sham_S24_L001_R1_001.fastq.gz
Approx 45% complete for P1432_24_Sham_5_Sham_S24_L001_R1_001.fastq.gz
Approx 50% complete for P1432_24_Sham_5_Sham_S24_L001_R1_001.fastq.gz
Approx 55% complete for P1432_24_Sham_5_Sham_S24_L001_R1_001.fastq.gz
Approx 60% complete for P1432_24_Sham_5_Sham_S24_L001_R1_001.fastq.gz
Approx 65% complete for P1432_24_Sham_5_Sham_S24_L001_R1_001.fastq.gz
Approx 70% complete for P1432_24_Sham_5_Sham_S24_L001_R1_001.fastq.gz
Approx 75% complete for P1432_24_Sham_5_Sham_S24_L001_R1_001.fastq.gz
Approx 80% complete for P1432_24_Sham_5_Sham_S24_L001_R1_001.fastq.gz
Approx 85% complete for P1432_24_Sham_5_Sham_S24_L001_R1_001.fastq.gz
Approx 90% complete for P1432_24_Sham_5_Sham_S24_L001_R1_001.fastq.gz
Approx 95% complete for P1432_24_Sham_5_Sham_S24_L001_R1_001.fastq.gz
Analysis complete for P1432_24_Sham_5_Sham_S24_L001_R1_001.fastq.gz
Running FastQC on ../P1432_fastqs/P1432_25_Sham_6_Sham_S25_L001_R1_001.fastq.gz...
application/gzip
Started analysis of P1432_25_Sham_6_Sham_S25_L001_R1_001.fastq.gz
Approx 5% complete for P1432_25_Sham_6_Sham_S25_L001_R1_001.fastq.gz
Approx 10% complete for P1432_25_Sham_6_Sham_S25_L001_R1_001.fastq.gz
Approx 15% complete for P1432_25_Sham_6_Sham_S25_L001_R1_001.fastq.gz
Approx 20% complete for P1432_25_Sham_6_Sham_S25_L001_R1_001.fastq.gz
Approx 25% complete for P1432_25_Sham_6_Sham_S25_L001_R1_001.fastq.gz
Approx 30% complete for P1432_25_Sham_6_Sham_S25_L001_R1_001.fastq.gz
Approx 35% complete for P1432_25_Sham_6_Sham_S25_L001_R1_001.fastq.gz
Approx 40% complete for P1432_25_Sham_6_Sham_S25_L001_R1_001.fastq.gz
Approx 45% complete for P1432_25_Sham_6_Sham_S25_L001_R1_001.fastq.gz
Approx 50% complete for P1432_25_Sham_6_Sham_S25_L001_R1_001.fastq.gz
Approx 55% complete for P1432_25_Sham_6_Sham_S25_L001_R1_001.fastq.gz
Approx 60% complete for P1432_25_Sham_6_Sham_S25_L001_R1_001.fastq.gz
Approx 65% complete for P1432_25_Sham_6_Sham_S25_L001_R1_001.fastq.gz
Approx 70% complete for P1432_25_Sham_6_Sham_S25_L001_R1_001.fastq.gz
Approx 75% complete for P1432_25_Sham_6_Sham_S25_L001_R1_001.fastq.gz
Approx 80% complete for P1432_25_Sham_6_Sham_S25_L001_R1_001.fastq.gz
Approx 85% complete for P1432_25_Sham_6_Sham_S25_L001_R1_001.fastq.gz
Approx 90% complete for P1432_25_Sham_6_Sham_S25_L001_R1_001.fastq.gz
Approx 95% complete for P1432_25_Sham_6_Sham_S25_L001_R1_001.fastq.gz
Analysis complete for P1432_25_Sham_6_Sham_S25_L001_R1_001.fastq.gz
Running FastQC on ../P1432_fastqs/P1432_26_Rat_60_Leptin_S26_L001_R1_001.fastq.gz...
application/gzip
Started analysis of P1432_26_Rat_60_Leptin_S26_L001_R1_001.fastq.gz
Approx 5% complete for P1432_26_Rat_60_Leptin_S26_L001_R1_001.fastq.gz
Approx 10% complete for P1432_26_Rat_60_Leptin_S26_L001_R1_001.fastq.gz
Approx 15% complete for P1432_26_Rat_60_Leptin_S26_L001_R1_001.fastq.gz
Approx 20% complete for P1432_26_Rat_60_Leptin_S26_L001_R1_001.fastq.gz
Approx 25% complete for P1432_26_Rat_60_Leptin_S26_L001_R1_001.fastq.gz
Approx 30% complete for P1432_26_Rat_60_Leptin_S26_L001_R1_001.fastq.gz
Approx 35% complete for P1432_26_Rat_60_Leptin_S26_L001_R1_001.fastq.gz
Approx 40% complete for P1432_26_Rat_60_Leptin_S26_L001_R1_001.fastq.gz
Approx 45% complete for P1432_26_Rat_60_Leptin_S26_L001_R1_001.fastq.gz
Approx 50% complete for P1432_26_Rat_60_Leptin_S26_L001_R1_001.fastq.gz
Approx 55% complete for P1432_26_Rat_60_Leptin_S26_L001_R1_001.fastq.gz
Approx 60% complete for P1432_26_Rat_60_Leptin_S26_L001_R1_001.fastq.gz
Approx 65% complete for P1432_26_Rat_60_Leptin_S26_L001_R1_001.fastq.gz
Approx 70% complete for P1432_26_Rat_60_Leptin_S26_L001_R1_001.fastq.gz
Approx 75% complete for P1432_26_Rat_60_Leptin_S26_L001_R1_001.fastq.gz
Approx 80% complete for P1432_26_Rat_60_Leptin_S26_L001_R1_001.fastq.gz
Approx 85% complete for P1432_26_Rat_60_Leptin_S26_L001_R1_001.fastq.gz
Approx 90% complete for P1432_26_Rat_60_Leptin_S26_L001_R1_001.fastq.gz
Approx 95% complete for P1432_26_Rat_60_Leptin_S26_L001_R1_001.fastq.gz
Analysis complete for P1432_26_Rat_60_Leptin_S26_L001_R1_001.fastq.gz
Running FastQC on ../P1432_fastqs/P1432_27_Rat_54_Leptin_S27_L001_R1_001.fastq.gz...
application/gzip
Started analysis of P1432_27_Rat_54_Leptin_S27_L001_R1_001.fastq.gz
Approx 5% complete for P1432_27_Rat_54_Leptin_S27_L001_R1_001.fastq.gz
Approx 10% complete for P1432_27_Rat_54_Leptin_S27_L001_R1_001.fastq.gz
Approx 15% complete for P1432_27_Rat_54_Leptin_S27_L001_R1_001.fastq.gz
Approx 20% complete for P1432_27_Rat_54_Leptin_S27_L001_R1_001.fastq.gz
Approx 25% complete for P1432_27_Rat_54_Leptin_S27_L001_R1_001.fastq.gz
Approx 30% complete for P1432_27_Rat_54_Leptin_S27_L001_R1_001.fastq.gz
Approx 35% complete for P1432_27_Rat_54_Leptin_S27_L001_R1_001.fastq.gz
Approx 40% complete for P1432_27_Rat_54_Leptin_S27_L001_R1_001.fastq.gz
Approx 45% complete for P1432_27_Rat_54_Leptin_S27_L001_R1_001.fastq.gz
Approx 50% complete for P1432_27_Rat_54_Leptin_S27_L001_R1_001.fastq.gz
Approx 55% complete for P1432_27_Rat_54_Leptin_S27_L001_R1_001.fastq.gz
Approx 60% complete for P1432_27_Rat_54_Leptin_S27_L001_R1_001.fastq.gz
Approx 65% complete for P1432_27_Rat_54_Leptin_S27_L001_R1_001.fastq.gz
Approx 70% complete for P1432_27_Rat_54_Leptin_S27_L001_R1_001.fastq.gz
Approx 75% complete for P1432_27_Rat_54_Leptin_S27_L001_R1_001.fastq.gz
Approx 80% complete for P1432_27_Rat_54_Leptin_S27_L001_R1_001.fastq.gz
Approx 85% complete for P1432_27_Rat_54_Leptin_S27_L001_R1_001.fastq.gz
Approx 90% complete for P1432_27_Rat_54_Leptin_S27_L001_R1_001.fastq.gz
Approx 95% complete for P1432_27_Rat_54_Leptin_S27_L001_R1_001.fastq.gz
Analysis complete for P1432_27_Rat_54_Leptin_S27_L001_R1_001.fastq.gz
Running FastQC on ../P1432_fastqs/P1432_28_Rat_35_Leptin_S28_L001_R1_001.fastq.gz...
application/gzip
Started analysis of P1432_28_Rat_35_Leptin_S28_L001_R1_001.fastq.gz
Approx 5% complete for P1432_28_Rat_35_Leptin_S28_L001_R1_001.fastq.gz
Approx 10% complete for P1432_28_Rat_35_Leptin_S28_L001_R1_001.fastq.gz
Approx 15% complete for P1432_28_Rat_35_Leptin_S28_L001_R1_001.fastq.gz
Approx 20% complete for P1432_28_Rat_35_Leptin_S28_L001_R1_001.fastq.gz
Approx 25% complete for P1432_28_Rat_35_Leptin_S28_L001_R1_001.fastq.gz
Approx 30% complete for P1432_28_Rat_35_Leptin_S28_L001_R1_001.fastq.gz
Approx 35% complete for P1432_28_Rat_35_Leptin_S28_L001_R1_001.fastq.gz
Approx 40% complete for P1432_28_Rat_35_Leptin_S28_L001_R1_001.fastq.gz
Approx 45% complete for P1432_28_Rat_35_Leptin_S28_L001_R1_001.fastq.gz
Approx 50% complete for P1432_28_Rat_35_Leptin_S28_L001_R1_001.fastq.gz
Approx 55% complete for P1432_28_Rat_35_Leptin_S28_L001_R1_001.fastq.gz
Approx 60% complete for P1432_28_Rat_35_Leptin_S28_L001_R1_001.fastq.gz
Approx 65% complete for P1432_28_Rat_35_Leptin_S28_L001_R1_001.fastq.gz
Approx 70% complete for P1432_28_Rat_35_Leptin_S28_L001_R1_001.fastq.gz
Approx 75% complete for P1432_28_Rat_35_Leptin_S28_L001_R1_001.fastq.gz
Approx 80% complete for P1432_28_Rat_35_Leptin_S28_L001_R1_001.fastq.gz
Approx 85% complete for P1432_28_Rat_35_Leptin_S28_L001_R1_001.fastq.gz
Approx 90% complete for P1432_28_Rat_35_Leptin_S28_L001_R1_001.fastq.gz
Approx 95% complete for P1432_28_Rat_35_Leptin_S28_L001_R1_001.fastq.gz
Analysis complete for P1432_28_Rat_35_Leptin_S28_L001_R1_001.fastq.gz
Running FastQC on ../P1432_fastqs/P1432_29_Rat_34_Leptin_S29_L001_R1_001.fastq.gz...
application/gzip
Started analysis of P1432_29_Rat_34_Leptin_S29_L001_R1_001.fastq.gz
Approx 5% complete for P1432_29_Rat_34_Leptin_S29_L001_R1_001.fastq.gz
Approx 10% complete for P1432_29_Rat_34_Leptin_S29_L001_R1_001.fastq.gz
Approx 15% complete for P1432_29_Rat_34_Leptin_S29_L001_R1_001.fastq.gz
Approx 20% complete for P1432_29_Rat_34_Leptin_S29_L001_R1_001.fastq.gz
Approx 25% complete for P1432_29_Rat_34_Leptin_S29_L001_R1_001.fastq.gz
Approx 30% complete for P1432_29_Rat_34_Leptin_S29_L001_R1_001.fastq.gz
Approx 35% complete for P1432_29_Rat_34_Leptin_S29_L001_R1_001.fastq.gz
Approx 40% complete for P1432_29_Rat_34_Leptin_S29_L001_R1_001.fastq.gz
Approx 45% complete for P1432_29_Rat_34_Leptin_S29_L001_R1_001.fastq.gz
Approx 50% complete for P1432_29_Rat_34_Leptin_S29_L001_R1_001.fastq.gz
Approx 55% complete for P1432_29_Rat_34_Leptin_S29_L001_R1_001.fastq.gz
Approx 60% complete for P1432_29_Rat_34_Leptin_S29_L001_R1_001.fastq.gz
Approx 65% complete for P1432_29_Rat_34_Leptin_S29_L001_R1_001.fastq.gz
Approx 70% complete for P1432_29_Rat_34_Leptin_S29_L001_R1_001.fastq.gz
Approx 75% complete for P1432_29_Rat_34_Leptin_S29_L001_R1_001.fastq.gz
Approx 80% complete for P1432_29_Rat_34_Leptin_S29_L001_R1_001.fastq.gz
Approx 85% complete for P1432_29_Rat_34_Leptin_S29_L001_R1_001.fastq.gz
Approx 90% complete for P1432_29_Rat_34_Leptin_S29_L001_R1_001.fastq.gz
Approx 95% complete for P1432_29_Rat_34_Leptin_S29_L001_R1_001.fastq.gz
Analysis complete for P1432_29_Rat_34_Leptin_S29_L001_R1_001.fastq.gz
Running FastQC on ../P1432_fastqs/P1432_2_Rat_61_intact_BAT_Leptin_S2_L001_R1_001.fastq.gz...
application/gzip
Started analysis of P1432_2_Rat_61_intact_BAT_Leptin_S2_L001_R1_001.fastq.gz
Approx 5% complete for P1432_2_Rat_61_intact_BAT_Leptin_S2_L001_R1_001.fastq.gz
Approx 10% complete for P1432_2_Rat_61_intact_BAT_Leptin_S2_L001_R1_001.fastq.gz
Approx 15% complete for P1432_2_Rat_61_intact_BAT_Leptin_S2_L001_R1_001.fastq.gz
Approx 20% complete for P1432_2_Rat_61_intact_BAT_Leptin_S2_L001_R1_001.fastq.gz
Approx 25% complete for P1432_2_Rat_61_intact_BAT_Leptin_S2_L001_R1_001.fastq.gz
Approx 30% complete for P1432_2_Rat_61_intact_BAT_Leptin_S2_L001_R1_001.fastq.gz
Approx 35% complete for P1432_2_Rat_61_intact_BAT_Leptin_S2_L001_R1_001.fastq.gz
Approx 40% complete for P1432_2_Rat_61_intact_BAT_Leptin_S2_L001_R1_001.fastq.gz
Approx 45% complete for P1432_2_Rat_61_intact_BAT_Leptin_S2_L001_R1_001.fastq.gz
Approx 50% complete for P1432_2_Rat_61_intact_BAT_Leptin_S2_L001_R1_001.fastq.gz
Approx 55% complete for P1432_2_Rat_61_intact_BAT_Leptin_S2_L001_R1_001.fastq.gz
Approx 60% complete for P1432_2_Rat_61_intact_BAT_Leptin_S2_L001_R1_001.fastq.gz
Approx 65% complete for P1432_2_Rat_61_intact_BAT_Leptin_S2_L001_R1_001.fastq.gz
Approx 70% complete for P1432_2_Rat_61_intact_BAT_Leptin_S2_L001_R1_001.fastq.gz
Approx 75% complete for P1432_2_Rat_61_intact_BAT_Leptin_S2_L001_R1_001.fastq.gz
Approx 80% complete for P1432_2_Rat_61_intact_BAT_Leptin_S2_L001_R1_001.fastq.gz
Approx 85% complete for P1432_2_Rat_61_intact_BAT_Leptin_S2_L001_R1_001.fastq.gz
Approx 90% complete for P1432_2_Rat_61_intact_BAT_Leptin_S2_L001_R1_001.fastq.gz
Approx 95% complete for P1432_2_Rat_61_intact_BAT_Leptin_S2_L001_R1_001.fastq.gz
Analysis complete for P1432_2_Rat_61_intact_BAT_Leptin_S2_L001_R1_001.fastq.gz
Running FastQC on ../P1432_fastqs/P1432_30_Rat_36_Vehicle_S30_L001_R1_001.fastq.gz...
application/gzip
Started analysis of P1432_30_Rat_36_Vehicle_S30_L001_R1_001.fastq.gz
Approx 5% complete for P1432_30_Rat_36_Vehicle_S30_L001_R1_001.fastq.gz
Approx 10% complete for P1432_30_Rat_36_Vehicle_S30_L001_R1_001.fastq.gz
Approx 15% complete for P1432_30_Rat_36_Vehicle_S30_L001_R1_001.fastq.gz
Approx 20% complete for P1432_30_Rat_36_Vehicle_S30_L001_R1_001.fastq.gz
Approx 25% complete for P1432_30_Rat_36_Vehicle_S30_L001_R1_001.fastq.gz
Approx 30% complete for P1432_30_Rat_36_Vehicle_S30_L001_R1_001.fastq.gz
Approx 35% complete for P1432_30_Rat_36_Vehicle_S30_L001_R1_001.fastq.gz
Approx 40% complete for P1432_30_Rat_36_Vehicle_S30_L001_R1_001.fastq.gz
Approx 45% complete for P1432_30_Rat_36_Vehicle_S30_L001_R1_001.fastq.gz
Approx 50% complete for P1432_30_Rat_36_Vehicle_S30_L001_R1_001.fastq.gz
Approx 55% complete for P1432_30_Rat_36_Vehicle_S30_L001_R1_001.fastq.gz
Approx 60% complete for P1432_30_Rat_36_Vehicle_S30_L001_R1_001.fastq.gz
Approx 65% complete for P1432_30_Rat_36_Vehicle_S30_L001_R1_001.fastq.gz
Approx 70% complete for P1432_30_Rat_36_Vehicle_S30_L001_R1_001.fastq.gz
Approx 75% complete for P1432_30_Rat_36_Vehicle_S30_L001_R1_001.fastq.gz
Approx 80% complete for P1432_30_Rat_36_Vehicle_S30_L001_R1_001.fastq.gz
Approx 85% complete for P1432_30_Rat_36_Vehicle_S30_L001_R1_001.fastq.gz
Approx 90% complete for P1432_30_Rat_36_Vehicle_S30_L001_R1_001.fastq.gz
Approx 95% complete for P1432_30_Rat_36_Vehicle_S30_L001_R1_001.fastq.gz
Analysis complete for P1432_30_Rat_36_Vehicle_S30_L001_R1_001.fastq.gz
Running FastQC on ../P1432_fastqs/P1432_31_Rat_168_Vehicle_S31_L001_R1_001.fastq.gz...
application/gzip
Started analysis of P1432_31_Rat_168_Vehicle_S31_L001_R1_001.fastq.gz
Approx 5% complete for P1432_31_Rat_168_Vehicle_S31_L001_R1_001.fastq.gz
Approx 10% complete for P1432_31_Rat_168_Vehicle_S31_L001_R1_001.fastq.gz
Approx 15% complete for P1432_31_Rat_168_Vehicle_S31_L001_R1_001.fastq.gz
Approx 20% complete for P1432_31_Rat_168_Vehicle_S31_L001_R1_001.fastq.gz
Approx 25% complete for P1432_31_Rat_168_Vehicle_S31_L001_R1_001.fastq.gz
Approx 30% complete for P1432_31_Rat_168_Vehicle_S31_L001_R1_001.fastq.gz
Approx 35% complete for P1432_31_Rat_168_Vehicle_S31_L001_R1_001.fastq.gz
Approx 40% complete for P1432_31_Rat_168_Vehicle_S31_L001_R1_001.fastq.gz
Approx 45% complete for P1432_31_Rat_168_Vehicle_S31_L001_R1_001.fastq.gz
Approx 50% complete for P1432_31_Rat_168_Vehicle_S31_L001_R1_001.fastq.gz
Approx 55% complete for P1432_31_Rat_168_Vehicle_S31_L001_R1_001.fastq.gz
Approx 60% complete for P1432_31_Rat_168_Vehicle_S31_L001_R1_001.fastq.gz
Approx 65% complete for P1432_31_Rat_168_Vehicle_S31_L001_R1_001.fastq.gz
Approx 70% complete for P1432_31_Rat_168_Vehicle_S31_L001_R1_001.fastq.gz
Approx 75% complete for P1432_31_Rat_168_Vehicle_S31_L001_R1_001.fastq.gz
Approx 80% complete for P1432_31_Rat_168_Vehicle_S31_L001_R1_001.fastq.gz
Approx 85% complete for P1432_31_Rat_168_Vehicle_S31_L001_R1_001.fastq.gz
Approx 90% complete for P1432_31_Rat_168_Vehicle_S31_L001_R1_001.fastq.gz
Approx 95% complete for P1432_31_Rat_168_Vehicle_S31_L001_R1_001.fastq.gz
Analysis complete for P1432_31_Rat_168_Vehicle_S31_L001_R1_001.fastq.gz
Running FastQC on ../P1432_fastqs/P1432_32_Rat_169_Vehicle_S32_L001_R1_001.fastq.gz...
application/gzip
Started analysis of P1432_32_Rat_169_Vehicle_S32_L001_R1_001.fastq.gz
Approx 5% complete for P1432_32_Rat_169_Vehicle_S32_L001_R1_001.fastq.gz
Approx 10% complete for P1432_32_Rat_169_Vehicle_S32_L001_R1_001.fastq.gz
Approx 15% complete for P1432_32_Rat_169_Vehicle_S32_L001_R1_001.fastq.gz
Approx 20% complete for P1432_32_Rat_169_Vehicle_S32_L001_R1_001.fastq.gz
Approx 25% complete for P1432_32_Rat_169_Vehicle_S32_L001_R1_001.fastq.gz
Approx 30% complete for P1432_32_Rat_169_Vehicle_S32_L001_R1_001.fastq.gz
Approx 35% complete for P1432_32_Rat_169_Vehicle_S32_L001_R1_001.fastq.gz
Approx 40% complete for P1432_32_Rat_169_Vehicle_S32_L001_R1_001.fastq.gz
Approx 45% complete for P1432_32_Rat_169_Vehicle_S32_L001_R1_001.fastq.gz
Approx 50% complete for P1432_32_Rat_169_Vehicle_S32_L001_R1_001.fastq.gz
Approx 55% complete for P1432_32_Rat_169_Vehicle_S32_L001_R1_001.fastq.gz
Approx 60% complete for P1432_32_Rat_169_Vehicle_S32_L001_R1_001.fastq.gz
Approx 65% complete for P1432_32_Rat_169_Vehicle_S32_L001_R1_001.fastq.gz
Approx 70% complete for P1432_32_Rat_169_Vehicle_S32_L001_R1_001.fastq.gz
Approx 75% complete for P1432_32_Rat_169_Vehicle_S32_L001_R1_001.fastq.gz
Approx 80% complete for P1432_32_Rat_169_Vehicle_S32_L001_R1_001.fastq.gz
Approx 85% complete for P1432_32_Rat_169_Vehicle_S32_L001_R1_001.fastq.gz
Approx 90% complete for P1432_32_Rat_169_Vehicle_S32_L001_R1_001.fastq.gz
Approx 95% complete for P1432_32_Rat_169_Vehicle_S32_L001_R1_001.fastq.gz
Analysis complete for P1432_32_Rat_169_Vehicle_S32_L001_R1_001.fastq.gz
Running FastQC on ../P1432_fastqs/P1432_33_Rat_171_Vehicle_S33_L001_R1_001.fastq.gz...
application/gzip
Started analysis of P1432_33_Rat_171_Vehicle_S33_L001_R1_001.fastq.gz
Approx 5% complete for P1432_33_Rat_171_Vehicle_S33_L001_R1_001.fastq.gz
Approx 10% complete for P1432_33_Rat_171_Vehicle_S33_L001_R1_001.fastq.gz
Approx 15% complete for P1432_33_Rat_171_Vehicle_S33_L001_R1_001.fastq.gz
Approx 20% complete for P1432_33_Rat_171_Vehicle_S33_L001_R1_001.fastq.gz
Approx 25% complete for P1432_33_Rat_171_Vehicle_S33_L001_R1_001.fastq.gz
Approx 30% complete for P1432_33_Rat_171_Vehicle_S33_L001_R1_001.fastq.gz
Approx 35% complete for P1432_33_Rat_171_Vehicle_S33_L001_R1_001.fastq.gz
Approx 40% complete for P1432_33_Rat_171_Vehicle_S33_L001_R1_001.fastq.gz
Approx 45% complete for P1432_33_Rat_171_Vehicle_S33_L001_R1_001.fastq.gz
Approx 50% complete for P1432_33_Rat_171_Vehicle_S33_L001_R1_001.fastq.gz
Approx 55% complete for P1432_33_Rat_171_Vehicle_S33_L001_R1_001.fastq.gz
Approx 60% complete for P1432_33_Rat_171_Vehicle_S33_L001_R1_001.fastq.gz
Approx 65% complete for P1432_33_Rat_171_Vehicle_S33_L001_R1_001.fastq.gz
Approx 70% complete for P1432_33_Rat_171_Vehicle_S33_L001_R1_001.fastq.gz
Approx 75% complete for P1432_33_Rat_171_Vehicle_S33_L001_R1_001.fastq.gz
Approx 80% complete for P1432_33_Rat_171_Vehicle_S33_L001_R1_001.fastq.gz
Approx 85% complete for P1432_33_Rat_171_Vehicle_S33_L001_R1_001.fastq.gz
Approx 90% complete for P1432_33_Rat_171_Vehicle_S33_L001_R1_001.fastq.gz
Approx 95% complete for P1432_33_Rat_171_Vehicle_S33_L001_R1_001.fastq.gz
Analysis complete for P1432_33_Rat_171_Vehicle_S33_L001_R1_001.fastq.gz
Running FastQC on ../P1432_fastqs/P1432_34_Rat_85_BATsx_vehicle_S34_L001_R1_001.fastq.gz...
application/gzip
Started analysis of P1432_34_Rat_85_BATsx_vehicle_S34_L001_R1_001.fastq.gz
Approx 5% complete for P1432_34_Rat_85_BATsx_vehicle_S34_L001_R1_001.fastq.gz
Approx 10% complete for P1432_34_Rat_85_BATsx_vehicle_S34_L001_R1_001.fastq.gz
Approx 15% complete for P1432_34_Rat_85_BATsx_vehicle_S34_L001_R1_001.fastq.gz
Approx 20% complete for P1432_34_Rat_85_BATsx_vehicle_S34_L001_R1_001.fastq.gz
Approx 25% complete for P1432_34_Rat_85_BATsx_vehicle_S34_L001_R1_001.fastq.gz
Approx 30% complete for P1432_34_Rat_85_BATsx_vehicle_S34_L001_R1_001.fastq.gz
Approx 35% complete for P1432_34_Rat_85_BATsx_vehicle_S34_L001_R1_001.fastq.gz
Approx 40% complete for P1432_34_Rat_85_BATsx_vehicle_S34_L001_R1_001.fastq.gz
Approx 45% complete for P1432_34_Rat_85_BATsx_vehicle_S34_L001_R1_001.fastq.gz
Approx 50% complete for P1432_34_Rat_85_BATsx_vehicle_S34_L001_R1_001.fastq.gz
Approx 55% complete for P1432_34_Rat_85_BATsx_vehicle_S34_L001_R1_001.fastq.gz
Approx 60% complete for P1432_34_Rat_85_BATsx_vehicle_S34_L001_R1_001.fastq.gz
Approx 65% complete for P1432_34_Rat_85_BATsx_vehicle_S34_L001_R1_001.fastq.gz
Approx 70% complete for P1432_34_Rat_85_BATsx_vehicle_S34_L001_R1_001.fastq.gz
Approx 75% complete for P1432_34_Rat_85_BATsx_vehicle_S34_L001_R1_001.fastq.gz
Approx 80% complete for P1432_34_Rat_85_BATsx_vehicle_S34_L001_R1_001.fastq.gz
Approx 85% complete for P1432_34_Rat_85_BATsx_vehicle_S34_L001_R1_001.fastq.gz
Approx 90% complete for P1432_34_Rat_85_BATsx_vehicle_S34_L001_R1_001.fastq.gz
Approx 95% complete for P1432_34_Rat_85_BATsx_vehicle_S34_L001_R1_001.fastq.gz
Analysis complete for P1432_34_Rat_85_BATsx_vehicle_S34_L001_R1_001.fastq.gz
Running FastQC on ../P1432_fastqs/P1432_35_Rat_89_BATsx_vehicle_S35_L001_R1_001.fastq.gz...
application/gzip
Started analysis of P1432_35_Rat_89_BATsx_vehicle_S35_L001_R1_001.fastq.gz
Approx 5% complete for P1432_35_Rat_89_BATsx_vehicle_S35_L001_R1_001.fastq.gz
Approx 10% complete for P1432_35_Rat_89_BATsx_vehicle_S35_L001_R1_001.fastq.gz
Approx 15% complete for P1432_35_Rat_89_BATsx_vehicle_S35_L001_R1_001.fastq.gz
Approx 20% complete for P1432_35_Rat_89_BATsx_vehicle_S35_L001_R1_001.fastq.gz
Approx 25% complete for P1432_35_Rat_89_BATsx_vehicle_S35_L001_R1_001.fastq.gz
Approx 30% complete for P1432_35_Rat_89_BATsx_vehicle_S35_L001_R1_001.fastq.gz
Approx 35% complete for P1432_35_Rat_89_BATsx_vehicle_S35_L001_R1_001.fastq.gz
Approx 40% complete for P1432_35_Rat_89_BATsx_vehicle_S35_L001_R1_001.fastq.gz
Approx 45% complete for P1432_35_Rat_89_BATsx_vehicle_S35_L001_R1_001.fastq.gz
Approx 50% complete for P1432_35_Rat_89_BATsx_vehicle_S35_L001_R1_001.fastq.gz
Approx 55% complete for P1432_35_Rat_89_BATsx_vehicle_S35_L001_R1_001.fastq.gz
Approx 60% complete for P1432_35_Rat_89_BATsx_vehicle_S35_L001_R1_001.fastq.gz
Approx 65% complete for P1432_35_Rat_89_BATsx_vehicle_S35_L001_R1_001.fastq.gz
Approx 70% complete for P1432_35_Rat_89_BATsx_vehicle_S35_L001_R1_001.fastq.gz
Approx 75% complete for P1432_35_Rat_89_BATsx_vehicle_S35_L001_R1_001.fastq.gz
Approx 80% complete for P1432_35_Rat_89_BATsx_vehicle_S35_L001_R1_001.fastq.gz
Approx 85% complete for P1432_35_Rat_89_BATsx_vehicle_S35_L001_R1_001.fastq.gz
Approx 90% complete for P1432_35_Rat_89_BATsx_vehicle_S35_L001_R1_001.fastq.gz
Approx 95% complete for P1432_35_Rat_89_BATsx_vehicle_S35_L001_R1_001.fastq.gz
Analysis complete for P1432_35_Rat_89_BATsx_vehicle_S35_L001_R1_001.fastq.gz
Running FastQC on ../P1432_fastqs/P1432_36_Rat_109_BATsx_vehicle_S36_L001_R1_001.fastq.gz...
application/gzip
Started analysis of P1432_36_Rat_109_BATsx_vehicle_S36_L001_R1_001.fastq.gz
Approx 5% complete for P1432_36_Rat_109_BATsx_vehicle_S36_L001_R1_001.fastq.gz
Approx 10% complete for P1432_36_Rat_109_BATsx_vehicle_S36_L001_R1_001.fastq.gz
Approx 15% complete for P1432_36_Rat_109_BATsx_vehicle_S36_L001_R1_001.fastq.gz
Approx 20% complete for P1432_36_Rat_109_BATsx_vehicle_S36_L001_R1_001.fastq.gz
Approx 25% complete for P1432_36_Rat_109_BATsx_vehicle_S36_L001_R1_001.fastq.gz
Approx 30% complete for P1432_36_Rat_109_BATsx_vehicle_S36_L001_R1_001.fastq.gz
Approx 35% complete for P1432_36_Rat_109_BATsx_vehicle_S36_L001_R1_001.fastq.gz
Approx 40% complete for P1432_36_Rat_109_BATsx_vehicle_S36_L001_R1_001.fastq.gz
Approx 45% complete for P1432_36_Rat_109_BATsx_vehicle_S36_L001_R1_001.fastq.gz
Approx 50% complete for P1432_36_Rat_109_BATsx_vehicle_S36_L001_R1_001.fastq.gz
Approx 55% complete for P1432_36_Rat_109_BATsx_vehicle_S36_L001_R1_001.fastq.gz
Approx 60% complete for P1432_36_Rat_109_BATsx_vehicle_S36_L001_R1_001.fastq.gz
Approx 65% complete for P1432_36_Rat_109_BATsx_vehicle_S36_L001_R1_001.fastq.gz
Approx 70% complete for P1432_36_Rat_109_BATsx_vehicle_S36_L001_R1_001.fastq.gz
Approx 75% complete for P1432_36_Rat_109_BATsx_vehicle_S36_L001_R1_001.fastq.gz
Approx 80% complete for P1432_36_Rat_109_BATsx_vehicle_S36_L001_R1_001.fastq.gz
Approx 85% complete for P1432_36_Rat_109_BATsx_vehicle_S36_L001_R1_001.fastq.gz
Approx 90% complete for P1432_36_Rat_109_BATsx_vehicle_S36_L001_R1_001.fastq.gz
Approx 95% complete for P1432_36_Rat_109_BATsx_vehicle_S36_L001_R1_001.fastq.gz
Analysis complete for P1432_36_Rat_109_BATsx_vehicle_S36_L001_R1_001.fastq.gz
Running FastQC on ../P1432_fastqs/P1432_37_Rat_142_BATsx_vehicle_S37_L001_R1_001.fastq.gz...
application/gzip
Started analysis of P1432_37_Rat_142_BATsx_vehicle_S37_L001_R1_001.fastq.gz
Approx 5% complete for P1432_37_Rat_142_BATsx_vehicle_S37_L001_R1_001.fastq.gz
Approx 10% complete for P1432_37_Rat_142_BATsx_vehicle_S37_L001_R1_001.fastq.gz
Approx 15% complete for P1432_37_Rat_142_BATsx_vehicle_S37_L001_R1_001.fastq.gz
Approx 20% complete for P1432_37_Rat_142_BATsx_vehicle_S37_L001_R1_001.fastq.gz
Approx 25% complete for P1432_37_Rat_142_BATsx_vehicle_S37_L001_R1_001.fastq.gz
Approx 30% complete for P1432_37_Rat_142_BATsx_vehicle_S37_L001_R1_001.fastq.gz
Approx 35% complete for P1432_37_Rat_142_BATsx_vehicle_S37_L001_R1_001.fastq.gz
Approx 40% complete for P1432_37_Rat_142_BATsx_vehicle_S37_L001_R1_001.fastq.gz
Approx 45% complete for P1432_37_Rat_142_BATsx_vehicle_S37_L001_R1_001.fastq.gz
Approx 50% complete for P1432_37_Rat_142_BATsx_vehicle_S37_L001_R1_001.fastq.gz
Approx 55% complete for P1432_37_Rat_142_BATsx_vehicle_S37_L001_R1_001.fastq.gz
Approx 60% complete for P1432_37_Rat_142_BATsx_vehicle_S37_L001_R1_001.fastq.gz
Approx 65% complete for P1432_37_Rat_142_BATsx_vehicle_S37_L001_R1_001.fastq.gz
Approx 70% complete for P1432_37_Rat_142_BATsx_vehicle_S37_L001_R1_001.fastq.gz
Approx 75% complete for P1432_37_Rat_142_BATsx_vehicle_S37_L001_R1_001.fastq.gz
Approx 80% complete for P1432_37_Rat_142_BATsx_vehicle_S37_L001_R1_001.fastq.gz
Approx 85% complete for P1432_37_Rat_142_BATsx_vehicle_S37_L001_R1_001.fastq.gz
Approx 90% complete for P1432_37_Rat_142_BATsx_vehicle_S37_L001_R1_001.fastq.gz
Approx 95% complete for P1432_37_Rat_142_BATsx_vehicle_S37_L001_R1_001.fastq.gz
Analysis complete for P1432_37_Rat_142_BATsx_vehicle_S37_L001_R1_001.fastq.gz
Running FastQC on ../P1432_fastqs/P1432_38_Rat_29_BATsx_leptin_S38_L001_R1_001.fastq.gz...
application/gzip
Started analysis of P1432_38_Rat_29_BATsx_leptin_S38_L001_R1_001.fastq.gz
Approx 5% complete for P1432_38_Rat_29_BATsx_leptin_S38_L001_R1_001.fastq.gz
Approx 10% complete for P1432_38_Rat_29_BATsx_leptin_S38_L001_R1_001.fastq.gz
Approx 15% complete for P1432_38_Rat_29_BATsx_leptin_S38_L001_R1_001.fastq.gz
Approx 20% complete for P1432_38_Rat_29_BATsx_leptin_S38_L001_R1_001.fastq.gz
Approx 25% complete for P1432_38_Rat_29_BATsx_leptin_S38_L001_R1_001.fastq.gz
Approx 30% complete for P1432_38_Rat_29_BATsx_leptin_S38_L001_R1_001.fastq.gz
Approx 35% complete for P1432_38_Rat_29_BATsx_leptin_S38_L001_R1_001.fastq.gz
Approx 40% complete for P1432_38_Rat_29_BATsx_leptin_S38_L001_R1_001.fastq.gz
Approx 45% complete for P1432_38_Rat_29_BATsx_leptin_S38_L001_R1_001.fastq.gz
Approx 50% complete for P1432_38_Rat_29_BATsx_leptin_S38_L001_R1_001.fastq.gz
Approx 55% complete for P1432_38_Rat_29_BATsx_leptin_S38_L001_R1_001.fastq.gz
Approx 60% complete for P1432_38_Rat_29_BATsx_leptin_S38_L001_R1_001.fastq.gz
Approx 65% complete for P1432_38_Rat_29_BATsx_leptin_S38_L001_R1_001.fastq.gz
Approx 70% complete for P1432_38_Rat_29_BATsx_leptin_S38_L001_R1_001.fastq.gz
Approx 75% complete for P1432_38_Rat_29_BATsx_leptin_S38_L001_R1_001.fastq.gz
Approx 80% complete for P1432_38_Rat_29_BATsx_leptin_S38_L001_R1_001.fastq.gz
Approx 85% complete for P1432_38_Rat_29_BATsx_leptin_S38_L001_R1_001.fastq.gz
Approx 90% complete for P1432_38_Rat_29_BATsx_leptin_S38_L001_R1_001.fastq.gz
Approx 95% complete for P1432_38_Rat_29_BATsx_leptin_S38_L001_R1_001.fastq.gz
Analysis complete for P1432_38_Rat_29_BATsx_leptin_S38_L001_R1_001.fastq.gz
Running FastQC on ../P1432_fastqs/P1432_39_Rat_101_BATsx_leptin_S39_L001_R1_001.fastq.gz...
application/gzip
Started analysis of P1432_39_Rat_101_BATsx_leptin_S39_L001_R1_001.fastq.gz
Approx 5% complete for P1432_39_Rat_101_BATsx_leptin_S39_L001_R1_001.fastq.gz
Approx 10% complete for P1432_39_Rat_101_BATsx_leptin_S39_L001_R1_001.fastq.gz
Approx 15% complete for P1432_39_Rat_101_BATsx_leptin_S39_L001_R1_001.fastq.gz
Approx 20% complete for P1432_39_Rat_101_BATsx_leptin_S39_L001_R1_001.fastq.gz
Approx 25% complete for P1432_39_Rat_101_BATsx_leptin_S39_L001_R1_001.fastq.gz
Approx 30% complete for P1432_39_Rat_101_BATsx_leptin_S39_L001_R1_001.fastq.gz
Approx 35% complete for P1432_39_Rat_101_BATsx_leptin_S39_L001_R1_001.fastq.gz
Approx 40% complete for P1432_39_Rat_101_BATsx_leptin_S39_L001_R1_001.fastq.gz
Approx 45% complete for P1432_39_Rat_101_BATsx_leptin_S39_L001_R1_001.fastq.gz
Approx 50% complete for P1432_39_Rat_101_BATsx_leptin_S39_L001_R1_001.fastq.gz
Approx 55% complete for P1432_39_Rat_101_BATsx_leptin_S39_L001_R1_001.fastq.gz
Approx 60% complete for P1432_39_Rat_101_BATsx_leptin_S39_L001_R1_001.fastq.gz
Approx 65% complete for P1432_39_Rat_101_BATsx_leptin_S39_L001_R1_001.fastq.gz
Approx 70% complete for P1432_39_Rat_101_BATsx_leptin_S39_L001_R1_001.fastq.gz
Approx 75% complete for P1432_39_Rat_101_BATsx_leptin_S39_L001_R1_001.fastq.gz
Approx 80% complete for P1432_39_Rat_101_BATsx_leptin_S39_L001_R1_001.fastq.gz
Approx 85% complete for P1432_39_Rat_101_BATsx_leptin_S39_L001_R1_001.fastq.gz
Approx 90% complete for P1432_39_Rat_101_BATsx_leptin_S39_L001_R1_001.fastq.gz
Approx 95% complete for P1432_39_Rat_101_BATsx_leptin_S39_L001_R1_001.fastq.gz
Analysis complete for P1432_39_Rat_101_BATsx_leptin_S39_L001_R1_001.fastq.gz
Running FastQC on ../P1432_fastqs/P1432_3_Rat_62_intact_BAT_Leptin_S3_L001_R1_001.fastq.gz...
application/gzip
Started analysis of P1432_3_Rat_62_intact_BAT_Leptin_S3_L001_R1_001.fastq.gz
Approx 5% complete for P1432_3_Rat_62_intact_BAT_Leptin_S3_L001_R1_001.fastq.gz
Approx 10% complete for P1432_3_Rat_62_intact_BAT_Leptin_S3_L001_R1_001.fastq.gz
Approx 15% complete for P1432_3_Rat_62_intact_BAT_Leptin_S3_L001_R1_001.fastq.gz
Approx 20% complete for P1432_3_Rat_62_intact_BAT_Leptin_S3_L001_R1_001.fastq.gz
Approx 25% complete for P1432_3_Rat_62_intact_BAT_Leptin_S3_L001_R1_001.fastq.gz
Approx 30% complete for P1432_3_Rat_62_intact_BAT_Leptin_S3_L001_R1_001.fastq.gz
Approx 35% complete for P1432_3_Rat_62_intact_BAT_Leptin_S3_L001_R1_001.fastq.gz
Approx 40% complete for P1432_3_Rat_62_intact_BAT_Leptin_S3_L001_R1_001.fastq.gz
Approx 45% complete for P1432_3_Rat_62_intact_BAT_Leptin_S3_L001_R1_001.fastq.gz
Approx 50% complete for P1432_3_Rat_62_intact_BAT_Leptin_S3_L001_R1_001.fastq.gz
Approx 55% complete for P1432_3_Rat_62_intact_BAT_Leptin_S3_L001_R1_001.fastq.gz
Approx 60% complete for P1432_3_Rat_62_intact_BAT_Leptin_S3_L001_R1_001.fastq.gz
Approx 65% complete for P1432_3_Rat_62_intact_BAT_Leptin_S3_L001_R1_001.fastq.gz
Approx 70% complete for P1432_3_Rat_62_intact_BAT_Leptin_S3_L001_R1_001.fastq.gz
Approx 75% complete for P1432_3_Rat_62_intact_BAT_Leptin_S3_L001_R1_001.fastq.gz
Approx 80% complete for P1432_3_Rat_62_intact_BAT_Leptin_S3_L001_R1_001.fastq.gz
Approx 85% complete for P1432_3_Rat_62_intact_BAT_Leptin_S3_L001_R1_001.fastq.gz
Approx 90% complete for P1432_3_Rat_62_intact_BAT_Leptin_S3_L001_R1_001.fastq.gz
Approx 95% complete for P1432_3_Rat_62_intact_BAT_Leptin_S3_L001_R1_001.fastq.gz
Analysis complete for P1432_3_Rat_62_intact_BAT_Leptin_S3_L001_R1_001.fastq.gz
Running FastQC on ../P1432_fastqs/P1432_40_Rat_155_BATsx_leptin_S40_L001_R1_001.fastq.gz...
application/gzip
Started analysis of P1432_40_Rat_155_BATsx_leptin_S40_L001_R1_001.fastq.gz
Approx 5% complete for P1432_40_Rat_155_BATsx_leptin_S40_L001_R1_001.fastq.gz
Approx 10% complete for P1432_40_Rat_155_BATsx_leptin_S40_L001_R1_001.fastq.gz
Approx 15% complete for P1432_40_Rat_155_BATsx_leptin_S40_L001_R1_001.fastq.gz
Approx 20% complete for P1432_40_Rat_155_BATsx_leptin_S40_L001_R1_001.fastq.gz
Approx 25% complete for P1432_40_Rat_155_BATsx_leptin_S40_L001_R1_001.fastq.gz
Approx 30% complete for P1432_40_Rat_155_BATsx_leptin_S40_L001_R1_001.fastq.gz
Approx 35% complete for P1432_40_Rat_155_BATsx_leptin_S40_L001_R1_001.fastq.gz
Approx 40% complete for P1432_40_Rat_155_BATsx_leptin_S40_L001_R1_001.fastq.gz
Approx 45% complete for P1432_40_Rat_155_BATsx_leptin_S40_L001_R1_001.fastq.gz
Approx 50% complete for P1432_40_Rat_155_BATsx_leptin_S40_L001_R1_001.fastq.gz
Approx 55% complete for P1432_40_Rat_155_BATsx_leptin_S40_L001_R1_001.fastq.gz
Approx 60% complete for P1432_40_Rat_155_BATsx_leptin_S40_L001_R1_001.fastq.gz
Approx 65% complete for P1432_40_Rat_155_BATsx_leptin_S40_L001_R1_001.fastq.gz
Approx 70% complete for P1432_40_Rat_155_BATsx_leptin_S40_L001_R1_001.fastq.gz
Approx 75% complete for P1432_40_Rat_155_BATsx_leptin_S40_L001_R1_001.fastq.gz
Approx 80% complete for P1432_40_Rat_155_BATsx_leptin_S40_L001_R1_001.fastq.gz
Approx 85% complete for P1432_40_Rat_155_BATsx_leptin_S40_L001_R1_001.fastq.gz
Approx 90% complete for P1432_40_Rat_155_BATsx_leptin_S40_L001_R1_001.fastq.gz
Approx 95% complete for P1432_40_Rat_155_BATsx_leptin_S40_L001_R1_001.fastq.gz
Analysis complete for P1432_40_Rat_155_BATsx_leptin_S40_L001_R1_001.fastq.gz
Running FastQC on ../P1432_fastqs/P1432_41_Rat_156_BATsx_leptin_S41_L001_R1_001.fastq.gz...
application/gzip
Started analysis of P1432_41_Rat_156_BATsx_leptin_S41_L001_R1_001.fastq.gz
Approx 5% complete for P1432_41_Rat_156_BATsx_leptin_S41_L001_R1_001.fastq.gz
Approx 10% complete for P1432_41_Rat_156_BATsx_leptin_S41_L001_R1_001.fastq.gz
Approx 15% complete for P1432_41_Rat_156_BATsx_leptin_S41_L001_R1_001.fastq.gz
Approx 20% complete for P1432_41_Rat_156_BATsx_leptin_S41_L001_R1_001.fastq.gz
Approx 25% complete for P1432_41_Rat_156_BATsx_leptin_S41_L001_R1_001.fastq.gz
Approx 30% complete for P1432_41_Rat_156_BATsx_leptin_S41_L001_R1_001.fastq.gz
Approx 35% complete for P1432_41_Rat_156_BATsx_leptin_S41_L001_R1_001.fastq.gz
Approx 40% complete for P1432_41_Rat_156_BATsx_leptin_S41_L001_R1_001.fastq.gz
Approx 45% complete for P1432_41_Rat_156_BATsx_leptin_S41_L001_R1_001.fastq.gz
Approx 50% complete for P1432_41_Rat_156_BATsx_leptin_S41_L001_R1_001.fastq.gz
Approx 55% complete for P1432_41_Rat_156_BATsx_leptin_S41_L001_R1_001.fastq.gz
Approx 60% complete for P1432_41_Rat_156_BATsx_leptin_S41_L001_R1_001.fastq.gz
Approx 65% complete for P1432_41_Rat_156_BATsx_leptin_S41_L001_R1_001.fastq.gz
Approx 70% complete for P1432_41_Rat_156_BATsx_leptin_S41_L001_R1_001.fastq.gz
Approx 75% complete for P1432_41_Rat_156_BATsx_leptin_S41_L001_R1_001.fastq.gz
Approx 80% complete for P1432_41_Rat_156_BATsx_leptin_S41_L001_R1_001.fastq.gz
Approx 85% complete for P1432_41_Rat_156_BATsx_leptin_S41_L001_R1_001.fastq.gz
Approx 90% complete for P1432_41_Rat_156_BATsx_leptin_S41_L001_R1_001.fastq.gz
Approx 95% complete for P1432_41_Rat_156_BATsx_leptin_S41_L001_R1_001.fastq.gz
Analysis complete for P1432_41_Rat_156_BATsx_leptin_S41_L001_R1_001.fastq.gz
Running FastQC on ../P1432_fastqs/P1432_42_Rat_64_Sham_S42_L001_R1_001.fastq.gz...
application/gzip
Started analysis of P1432_42_Rat_64_Sham_S42_L001_R1_001.fastq.gz
Approx 5% complete for P1432_42_Rat_64_Sham_S42_L001_R1_001.fastq.gz
Approx 10% complete for P1432_42_Rat_64_Sham_S42_L001_R1_001.fastq.gz
Approx 15% complete for P1432_42_Rat_64_Sham_S42_L001_R1_001.fastq.gz
Approx 20% complete for P1432_42_Rat_64_Sham_S42_L001_R1_001.fastq.gz
Approx 25% complete for P1432_42_Rat_64_Sham_S42_L001_R1_001.fastq.gz
Approx 30% complete for P1432_42_Rat_64_Sham_S42_L001_R1_001.fastq.gz
Approx 35% complete for P1432_42_Rat_64_Sham_S42_L001_R1_001.fastq.gz
Approx 40% complete for P1432_42_Rat_64_Sham_S42_L001_R1_001.fastq.gz
Approx 45% complete for P1432_42_Rat_64_Sham_S42_L001_R1_001.fastq.gz
Approx 50% complete for P1432_42_Rat_64_Sham_S42_L001_R1_001.fastq.gz
Approx 55% complete for P1432_42_Rat_64_Sham_S42_L001_R1_001.fastq.gz
Approx 60% complete for P1432_42_Rat_64_Sham_S42_L001_R1_001.fastq.gz
Approx 65% complete for P1432_42_Rat_64_Sham_S42_L001_R1_001.fastq.gz
Approx 70% complete for P1432_42_Rat_64_Sham_S42_L001_R1_001.fastq.gz
Approx 75% complete for P1432_42_Rat_64_Sham_S42_L001_R1_001.fastq.gz
Approx 80% complete for P1432_42_Rat_64_Sham_S42_L001_R1_001.fastq.gz
Approx 85% complete for P1432_42_Rat_64_Sham_S42_L001_R1_001.fastq.gz
Approx 90% complete for P1432_42_Rat_64_Sham_S42_L001_R1_001.fastq.gz
Approx 95% complete for P1432_42_Rat_64_Sham_S42_L001_R1_001.fastq.gz
Analysis complete for P1432_42_Rat_64_Sham_S42_L001_R1_001.fastq.gz
Running FastQC on ../P1432_fastqs/P1432_43_Rat_23_Sham_S43_L001_R1_001.fastq.gz...
application/gzip
Started analysis of P1432_43_Rat_23_Sham_S43_L001_R1_001.fastq.gz
Approx 5% complete for P1432_43_Rat_23_Sham_S43_L001_R1_001.fastq.gz
Approx 10% complete for P1432_43_Rat_23_Sham_S43_L001_R1_001.fastq.gz
Approx 15% complete for P1432_43_Rat_23_Sham_S43_L001_R1_001.fastq.gz
Approx 20% complete for P1432_43_Rat_23_Sham_S43_L001_R1_001.fastq.gz
Approx 25% complete for P1432_43_Rat_23_Sham_S43_L001_R1_001.fastq.gz
Approx 30% complete for P1432_43_Rat_23_Sham_S43_L001_R1_001.fastq.gz
Approx 35% complete for P1432_43_Rat_23_Sham_S43_L001_R1_001.fastq.gz
Approx 40% complete for P1432_43_Rat_23_Sham_S43_L001_R1_001.fastq.gz
Approx 45% complete for P1432_43_Rat_23_Sham_S43_L001_R1_001.fastq.gz
Approx 50% complete for P1432_43_Rat_23_Sham_S43_L001_R1_001.fastq.gz
Approx 55% complete for P1432_43_Rat_23_Sham_S43_L001_R1_001.fastq.gz
Approx 60% complete for P1432_43_Rat_23_Sham_S43_L001_R1_001.fastq.gz
Approx 65% complete for P1432_43_Rat_23_Sham_S43_L001_R1_001.fastq.gz
Approx 70% complete for P1432_43_Rat_23_Sham_S43_L001_R1_001.fastq.gz
Approx 75% complete for P1432_43_Rat_23_Sham_S43_L001_R1_001.fastq.gz
Approx 80% complete for P1432_43_Rat_23_Sham_S43_L001_R1_001.fastq.gz
Approx 85% complete for P1432_43_Rat_23_Sham_S43_L001_R1_001.fastq.gz
Approx 90% complete for P1432_43_Rat_23_Sham_S43_L001_R1_001.fastq.gz
Approx 95% complete for P1432_43_Rat_23_Sham_S43_L001_R1_001.fastq.gz
Analysis complete for P1432_43_Rat_23_Sham_S43_L001_R1_001.fastq.gz
Running FastQC on ../P1432_fastqs/P1432_44_Rat_22_Sham_S44_L001_R1_001.fastq.gz...
application/gzip
Started analysis of P1432_44_Rat_22_Sham_S44_L001_R1_001.fastq.gz
Approx 5% complete for P1432_44_Rat_22_Sham_S44_L001_R1_001.fastq.gz
Approx 10% complete for P1432_44_Rat_22_Sham_S44_L001_R1_001.fastq.gz
Approx 15% complete for P1432_44_Rat_22_Sham_S44_L001_R1_001.fastq.gz
Approx 20% complete for P1432_44_Rat_22_Sham_S44_L001_R1_001.fastq.gz
Approx 25% complete for P1432_44_Rat_22_Sham_S44_L001_R1_001.fastq.gz
Approx 30% complete for P1432_44_Rat_22_Sham_S44_L001_R1_001.fastq.gz
Approx 35% complete for P1432_44_Rat_22_Sham_S44_L001_R1_001.fastq.gz
Approx 40% complete for P1432_44_Rat_22_Sham_S44_L001_R1_001.fastq.gz
Approx 45% complete for P1432_44_Rat_22_Sham_S44_L001_R1_001.fastq.gz
Approx 50% complete for P1432_44_Rat_22_Sham_S44_L001_R1_001.fastq.gz
Approx 55% complete for P1432_44_Rat_22_Sham_S44_L001_R1_001.fastq.gz
Approx 60% complete for P1432_44_Rat_22_Sham_S44_L001_R1_001.fastq.gz
Approx 65% complete for P1432_44_Rat_22_Sham_S44_L001_R1_001.fastq.gz
Approx 70% complete for P1432_44_Rat_22_Sham_S44_L001_R1_001.fastq.gz
Approx 75% complete for P1432_44_Rat_22_Sham_S44_L001_R1_001.fastq.gz
Approx 80% complete for P1432_44_Rat_22_Sham_S44_L001_R1_001.fastq.gz
Approx 85% complete for P1432_44_Rat_22_Sham_S44_L001_R1_001.fastq.gz
Approx 90% complete for P1432_44_Rat_22_Sham_S44_L001_R1_001.fastq.gz
Approx 95% complete for P1432_44_Rat_22_Sham_S44_L001_R1_001.fastq.gz
Analysis complete for P1432_44_Rat_22_Sham_S44_L001_R1_001.fastq.gz
Running FastQC on ../P1432_fastqs/P1432_45_Rat_33_Sham_S45_L001_R1_001.fastq.gz...
application/gzip
Started analysis of P1432_45_Rat_33_Sham_S45_L001_R1_001.fastq.gz
Approx 5% complete for P1432_45_Rat_33_Sham_S45_L001_R1_001.fastq.gz
Approx 10% complete for P1432_45_Rat_33_Sham_S45_L001_R1_001.fastq.gz
Approx 15% complete for P1432_45_Rat_33_Sham_S45_L001_R1_001.fastq.gz
Approx 20% complete for P1432_45_Rat_33_Sham_S45_L001_R1_001.fastq.gz
Approx 25% complete for P1432_45_Rat_33_Sham_S45_L001_R1_001.fastq.gz
Approx 30% complete for P1432_45_Rat_33_Sham_S45_L001_R1_001.fastq.gz
Approx 35% complete for P1432_45_Rat_33_Sham_S45_L001_R1_001.fastq.gz
Approx 40% complete for P1432_45_Rat_33_Sham_S45_L001_R1_001.fastq.gz
Approx 45% complete for P1432_45_Rat_33_Sham_S45_L001_R1_001.fastq.gz
Approx 50% complete for P1432_45_Rat_33_Sham_S45_L001_R1_001.fastq.gz
Approx 55% complete for P1432_45_Rat_33_Sham_S45_L001_R1_001.fastq.gz
Approx 60% complete for P1432_45_Rat_33_Sham_S45_L001_R1_001.fastq.gz
Approx 65% complete for P1432_45_Rat_33_Sham_S45_L001_R1_001.fastq.gz
Approx 70% complete for P1432_45_Rat_33_Sham_S45_L001_R1_001.fastq.gz
Approx 75% complete for P1432_45_Rat_33_Sham_S45_L001_R1_001.fastq.gz
Approx 80% complete for P1432_45_Rat_33_Sham_S45_L001_R1_001.fastq.gz
Approx 85% complete for P1432_45_Rat_33_Sham_S45_L001_R1_001.fastq.gz
Approx 90% complete for P1432_45_Rat_33_Sham_S45_L001_R1_001.fastq.gz
Approx 95% complete for P1432_45_Rat_33_Sham_S45_L001_R1_001.fastq.gz
Analysis complete for P1432_45_Rat_33_Sham_S45_L001_R1_001.fastq.gz
Running FastQC on ../P1432_fastqs/P1432_46_Rat_61_EV_test_S46_L001_R1_001.fastq.gz...
application/gzip
Started analysis of P1432_46_Rat_61_EV_test_S46_L001_R1_001.fastq.gz
Approx 5% complete for P1432_46_Rat_61_EV_test_S46_L001_R1_001.fastq.gz
Approx 10% complete for P1432_46_Rat_61_EV_test_S46_L001_R1_001.fastq.gz
Approx 15% complete for P1432_46_Rat_61_EV_test_S46_L001_R1_001.fastq.gz
Approx 20% complete for P1432_46_Rat_61_EV_test_S46_L001_R1_001.fastq.gz
Approx 25% complete for P1432_46_Rat_61_EV_test_S46_L001_R1_001.fastq.gz
Approx 30% complete for P1432_46_Rat_61_EV_test_S46_L001_R1_001.fastq.gz
Approx 35% complete for P1432_46_Rat_61_EV_test_S46_L001_R1_001.fastq.gz
Approx 40% complete for P1432_46_Rat_61_EV_test_S46_L001_R1_001.fastq.gz
Approx 45% complete for P1432_46_Rat_61_EV_test_S46_L001_R1_001.fastq.gz
Approx 50% complete for P1432_46_Rat_61_EV_test_S46_L001_R1_001.fastq.gz
Approx 55% complete for P1432_46_Rat_61_EV_test_S46_L001_R1_001.fastq.gz
Approx 60% complete for P1432_46_Rat_61_EV_test_S46_L001_R1_001.fastq.gz
Approx 65% complete for P1432_46_Rat_61_EV_test_S46_L001_R1_001.fastq.gz
Approx 70% complete for P1432_46_Rat_61_EV_test_S46_L001_R1_001.fastq.gz
Approx 75% complete for P1432_46_Rat_61_EV_test_S46_L001_R1_001.fastq.gz
Approx 80% complete for P1432_46_Rat_61_EV_test_S46_L001_R1_001.fastq.gz
Approx 85% complete for P1432_46_Rat_61_EV_test_S46_L001_R1_001.fastq.gz
Approx 90% complete for P1432_46_Rat_61_EV_test_S46_L001_R1_001.fastq.gz
Approx 95% complete for P1432_46_Rat_61_EV_test_S46_L001_R1_001.fastq.gz
Analysis complete for P1432_46_Rat_61_EV_test_S46_L001_R1_001.fastq.gz
Running FastQC on ../P1432_fastqs/P1432_47_Rat_64_EV_test_S47_L001_R1_001.fastq.gz...
application/gzip
Started analysis of P1432_47_Rat_64_EV_test_S47_L001_R1_001.fastq.gz
Approx 5% complete for P1432_47_Rat_64_EV_test_S47_L001_R1_001.fastq.gz
Approx 10% complete for P1432_47_Rat_64_EV_test_S47_L001_R1_001.fastq.gz
Approx 15% complete for P1432_47_Rat_64_EV_test_S47_L001_R1_001.fastq.gz
Approx 20% complete for P1432_47_Rat_64_EV_test_S47_L001_R1_001.fastq.gz
Approx 25% complete for P1432_47_Rat_64_EV_test_S47_L001_R1_001.fastq.gz
Approx 30% complete for P1432_47_Rat_64_EV_test_S47_L001_R1_001.fastq.gz
Approx 35% complete for P1432_47_Rat_64_EV_test_S47_L001_R1_001.fastq.gz
Approx 40% complete for P1432_47_Rat_64_EV_test_S47_L001_R1_001.fastq.gz
Approx 45% complete for P1432_47_Rat_64_EV_test_S47_L001_R1_001.fastq.gz
Approx 50% complete for P1432_47_Rat_64_EV_test_S47_L001_R1_001.fastq.gz
Approx 55% complete for P1432_47_Rat_64_EV_test_S47_L001_R1_001.fastq.gz
Approx 60% complete for P1432_47_Rat_64_EV_test_S47_L001_R1_001.fastq.gz
Approx 65% complete for P1432_47_Rat_64_EV_test_S47_L001_R1_001.fastq.gz
Approx 70% complete for P1432_47_Rat_64_EV_test_S47_L001_R1_001.fastq.gz
Approx 75% complete for P1432_47_Rat_64_EV_test_S47_L001_R1_001.fastq.gz
Approx 80% complete for P1432_47_Rat_64_EV_test_S47_L001_R1_001.fastq.gz
Approx 85% complete for P1432_47_Rat_64_EV_test_S47_L001_R1_001.fastq.gz
Approx 90% complete for P1432_47_Rat_64_EV_test_S47_L001_R1_001.fastq.gz
Approx 95% complete for P1432_47_Rat_64_EV_test_S47_L001_R1_001.fastq.gz
Analysis complete for P1432_47_Rat_64_EV_test_S47_L001_R1_001.fastq.gz
Running FastQC on ../P1432_fastqs/P1432_48_Rat_78_EV_test_S48_L001_R1_001.fastq.gz...
application/gzip
Started analysis of P1432_48_Rat_78_EV_test_S48_L001_R1_001.fastq.gz
Approx 5% complete for P1432_48_Rat_78_EV_test_S48_L001_R1_001.fastq.gz
Approx 10% complete for P1432_48_Rat_78_EV_test_S48_L001_R1_001.fastq.gz
Approx 15% complete for P1432_48_Rat_78_EV_test_S48_L001_R1_001.fastq.gz
Approx 20% complete for P1432_48_Rat_78_EV_test_S48_L001_R1_001.fastq.gz
Approx 25% complete for P1432_48_Rat_78_EV_test_S48_L001_R1_001.fastq.gz
Approx 30% complete for P1432_48_Rat_78_EV_test_S48_L001_R1_001.fastq.gz
Approx 35% complete for P1432_48_Rat_78_EV_test_S48_L001_R1_001.fastq.gz
Approx 40% complete for P1432_48_Rat_78_EV_test_S48_L001_R1_001.fastq.gz
Approx 45% complete for P1432_48_Rat_78_EV_test_S48_L001_R1_001.fastq.gz
Approx 50% complete for P1432_48_Rat_78_EV_test_S48_L001_R1_001.fastq.gz
Approx 55% complete for P1432_48_Rat_78_EV_test_S48_L001_R1_001.fastq.gz
Approx 60% complete for P1432_48_Rat_78_EV_test_S48_L001_R1_001.fastq.gz
Approx 65% complete for P1432_48_Rat_78_EV_test_S48_L001_R1_001.fastq.gz
Approx 70% complete for P1432_48_Rat_78_EV_test_S48_L001_R1_001.fastq.gz
Approx 75% complete for P1432_48_Rat_78_EV_test_S48_L001_R1_001.fastq.gz
Approx 80% complete for P1432_48_Rat_78_EV_test_S48_L001_R1_001.fastq.gz
Approx 85% complete for P1432_48_Rat_78_EV_test_S48_L001_R1_001.fastq.gz
Approx 90% complete for P1432_48_Rat_78_EV_test_S48_L001_R1_001.fastq.gz
Approx 95% complete for P1432_48_Rat_78_EV_test_S48_L001_R1_001.fastq.gz
Analysis complete for P1432_48_Rat_78_EV_test_S48_L001_R1_001.fastq.gz
Running FastQC on ../P1432_fastqs/P1432_4_Rat_56_intact_BAT_Leptin_S4_L001_R1_001.fastq.gz...
application/gzip
Started analysis of P1432_4_Rat_56_intact_BAT_Leptin_S4_L001_R1_001.fastq.gz
Approx 5% complete for P1432_4_Rat_56_intact_BAT_Leptin_S4_L001_R1_001.fastq.gz
Approx 10% complete for P1432_4_Rat_56_intact_BAT_Leptin_S4_L001_R1_001.fastq.gz
Approx 15% complete for P1432_4_Rat_56_intact_BAT_Leptin_S4_L001_R1_001.fastq.gz
Approx 20% complete for P1432_4_Rat_56_intact_BAT_Leptin_S4_L001_R1_001.fastq.gz
Approx 25% complete for P1432_4_Rat_56_intact_BAT_Leptin_S4_L001_R1_001.fastq.gz
Approx 30% complete for P1432_4_Rat_56_intact_BAT_Leptin_S4_L001_R1_001.fastq.gz
Approx 35% complete for P1432_4_Rat_56_intact_BAT_Leptin_S4_L001_R1_001.fastq.gz
Approx 40% complete for P1432_4_Rat_56_intact_BAT_Leptin_S4_L001_R1_001.fastq.gz
Approx 45% complete for P1432_4_Rat_56_intact_BAT_Leptin_S4_L001_R1_001.fastq.gz
Approx 50% complete for P1432_4_Rat_56_intact_BAT_Leptin_S4_L001_R1_001.fastq.gz
Approx 55% complete for P1432_4_Rat_56_intact_BAT_Leptin_S4_L001_R1_001.fastq.gz
Approx 60% complete for P1432_4_Rat_56_intact_BAT_Leptin_S4_L001_R1_001.fastq.gz
Approx 65% complete for P1432_4_Rat_56_intact_BAT_Leptin_S4_L001_R1_001.fastq.gz
Approx 70% complete for P1432_4_Rat_56_intact_BAT_Leptin_S4_L001_R1_001.fastq.gz
Approx 75% complete for P1432_4_Rat_56_intact_BAT_Leptin_S4_L001_R1_001.fastq.gz
Approx 80% complete for P1432_4_Rat_56_intact_BAT_Leptin_S4_L001_R1_001.fastq.gz
Approx 85% complete for P1432_4_Rat_56_intact_BAT_Leptin_S4_L001_R1_001.fastq.gz
Approx 90% complete for P1432_4_Rat_56_intact_BAT_Leptin_S4_L001_R1_001.fastq.gz
Approx 95% complete for P1432_4_Rat_56_intact_BAT_Leptin_S4_L001_R1_001.fastq.gz
Analysis complete for P1432_4_Rat_56_intact_BAT_Leptin_S4_L001_R1_001.fastq.gz
Running FastQC on ../P1432_fastqs/P1432_5_Rat_120__intact_BAT_Leptin_S5_L001_R1_001.fastq.gz...
application/gzip
Started analysis of P1432_5_Rat_120__intact_BAT_Leptin_S5_L001_R1_001.fastq.gz
Approx 5% complete for P1432_5_Rat_120__intact_BAT_Leptin_S5_L001_R1_001.fastq.gz
Approx 10% complete for P1432_5_Rat_120__intact_BAT_Leptin_S5_L001_R1_001.fastq.gz
Approx 15% complete for P1432_5_Rat_120__intact_BAT_Leptin_S5_L001_R1_001.fastq.gz
Approx 20% complete for P1432_5_Rat_120__intact_BAT_Leptin_S5_L001_R1_001.fastq.gz
Approx 25% complete for P1432_5_Rat_120__intact_BAT_Leptin_S5_L001_R1_001.fastq.gz
Approx 30% complete for P1432_5_Rat_120__intact_BAT_Leptin_S5_L001_R1_001.fastq.gz
Approx 35% complete for P1432_5_Rat_120__intact_BAT_Leptin_S5_L001_R1_001.fastq.gz
Approx 40% complete for P1432_5_Rat_120__intact_BAT_Leptin_S5_L001_R1_001.fastq.gz
Approx 45% complete for P1432_5_Rat_120__intact_BAT_Leptin_S5_L001_R1_001.fastq.gz
Approx 50% complete for P1432_5_Rat_120__intact_BAT_Leptin_S5_L001_R1_001.fastq.gz
Approx 55% complete for P1432_5_Rat_120__intact_BAT_Leptin_S5_L001_R1_001.fastq.gz
Approx 60% complete for P1432_5_Rat_120__intact_BAT_Leptin_S5_L001_R1_001.fastq.gz
Approx 65% complete for P1432_5_Rat_120__intact_BAT_Leptin_S5_L001_R1_001.fastq.gz
Approx 70% complete for P1432_5_Rat_120__intact_BAT_Leptin_S5_L001_R1_001.fastq.gz
Approx 75% complete for P1432_5_Rat_120__intact_BAT_Leptin_S5_L001_R1_001.fastq.gz
Approx 80% complete for P1432_5_Rat_120__intact_BAT_Leptin_S5_L001_R1_001.fastq.gz
Approx 85% complete for P1432_5_Rat_120__intact_BAT_Leptin_S5_L001_R1_001.fastq.gz
Approx 90% complete for P1432_5_Rat_120__intact_BAT_Leptin_S5_L001_R1_001.fastq.gz
Approx 95% complete for P1432_5_Rat_120__intact_BAT_Leptin_S5_L001_R1_001.fastq.gz
Analysis complete for P1432_5_Rat_120__intact_BAT_Leptin_S5_L001_R1_001.fastq.gz
Running FastQC on ../P1432_fastqs/P1432_6_Rat_36_intact_BAT_Vehicle_S6_L001_R1_001.fastq.gz...
application/gzip
Started analysis of P1432_6_Rat_36_intact_BAT_Vehicle_S6_L001_R1_001.fastq.gz
Approx 5% complete for P1432_6_Rat_36_intact_BAT_Vehicle_S6_L001_R1_001.fastq.gz
Approx 10% complete for P1432_6_Rat_36_intact_BAT_Vehicle_S6_L001_R1_001.fastq.gz
Approx 15% complete for P1432_6_Rat_36_intact_BAT_Vehicle_S6_L001_R1_001.fastq.gz
Approx 20% complete for P1432_6_Rat_36_intact_BAT_Vehicle_S6_L001_R1_001.fastq.gz
Approx 25% complete for P1432_6_Rat_36_intact_BAT_Vehicle_S6_L001_R1_001.fastq.gz
Approx 30% complete for P1432_6_Rat_36_intact_BAT_Vehicle_S6_L001_R1_001.fastq.gz
Approx 35% complete for P1432_6_Rat_36_intact_BAT_Vehicle_S6_L001_R1_001.fastq.gz
Approx 40% complete for P1432_6_Rat_36_intact_BAT_Vehicle_S6_L001_R1_001.fastq.gz
Approx 45% complete for P1432_6_Rat_36_intact_BAT_Vehicle_S6_L001_R1_001.fastq.gz
Approx 50% complete for P1432_6_Rat_36_intact_BAT_Vehicle_S6_L001_R1_001.fastq.gz
Approx 55% complete for P1432_6_Rat_36_intact_BAT_Vehicle_S6_L001_R1_001.fastq.gz
Approx 60% complete for P1432_6_Rat_36_intact_BAT_Vehicle_S6_L001_R1_001.fastq.gz
Approx 65% complete for P1432_6_Rat_36_intact_BAT_Vehicle_S6_L001_R1_001.fastq.gz
Approx 70% complete for P1432_6_Rat_36_intact_BAT_Vehicle_S6_L001_R1_001.fastq.gz
Approx 75% complete for P1432_6_Rat_36_intact_BAT_Vehicle_S6_L001_R1_001.fastq.gz
Approx 80% complete for P1432_6_Rat_36_intact_BAT_Vehicle_S6_L001_R1_001.fastq.gz
Approx 85% complete for P1432_6_Rat_36_intact_BAT_Vehicle_S6_L001_R1_001.fastq.gz
Approx 90% complete for P1432_6_Rat_36_intact_BAT_Vehicle_S6_L001_R1_001.fastq.gz
Approx 95% complete for P1432_6_Rat_36_intact_BAT_Vehicle_S6_L001_R1_001.fastq.gz
Analysis complete for P1432_6_Rat_36_intact_BAT_Vehicle_S6_L001_R1_001.fastq.gz
Running FastQC on ../P1432_fastqs/P1432_7_Rat_40_intact_BAT_Vehicle_S7_L001_R1_001.fastq.gz...
application/gzip
Started analysis of P1432_7_Rat_40_intact_BAT_Vehicle_S7_L001_R1_001.fastq.gz
Approx 5% complete for P1432_7_Rat_40_intact_BAT_Vehicle_S7_L001_R1_001.fastq.gz
Approx 10% complete for P1432_7_Rat_40_intact_BAT_Vehicle_S7_L001_R1_001.fastq.gz
Approx 15% complete for P1432_7_Rat_40_intact_BAT_Vehicle_S7_L001_R1_001.fastq.gz
Approx 20% complete for P1432_7_Rat_40_intact_BAT_Vehicle_S7_L001_R1_001.fastq.gz
Approx 25% complete for P1432_7_Rat_40_intact_BAT_Vehicle_S7_L001_R1_001.fastq.gz
Approx 30% complete for P1432_7_Rat_40_intact_BAT_Vehicle_S7_L001_R1_001.fastq.gz
Approx 35% complete for P1432_7_Rat_40_intact_BAT_Vehicle_S7_L001_R1_001.fastq.gz
Approx 40% complete for P1432_7_Rat_40_intact_BAT_Vehicle_S7_L001_R1_001.fastq.gz
Approx 45% complete for P1432_7_Rat_40_intact_BAT_Vehicle_S7_L001_R1_001.fastq.gz
Approx 50% complete for P1432_7_Rat_40_intact_BAT_Vehicle_S7_L001_R1_001.fastq.gz
Approx 55% complete for P1432_7_Rat_40_intact_BAT_Vehicle_S7_L001_R1_001.fastq.gz
Approx 60% complete for P1432_7_Rat_40_intact_BAT_Vehicle_S7_L001_R1_001.fastq.gz
Approx 65% complete for P1432_7_Rat_40_intact_BAT_Vehicle_S7_L001_R1_001.fastq.gz
Approx 70% complete for P1432_7_Rat_40_intact_BAT_Vehicle_S7_L001_R1_001.fastq.gz
Approx 75% complete for P1432_7_Rat_40_intact_BAT_Vehicle_S7_L001_R1_001.fastq.gz
Approx 80% complete for P1432_7_Rat_40_intact_BAT_Vehicle_S7_L001_R1_001.fastq.gz
Approx 85% complete for P1432_7_Rat_40_intact_BAT_Vehicle_S7_L001_R1_001.fastq.gz
Approx 90% complete for P1432_7_Rat_40_intact_BAT_Vehicle_S7_L001_R1_001.fastq.gz
Approx 95% complete for P1432_7_Rat_40_intact_BAT_Vehicle_S7_L001_R1_001.fastq.gz
Analysis complete for P1432_7_Rat_40_intact_BAT_Vehicle_S7_L001_R1_001.fastq.gz
Running FastQC on ../P1432_fastqs/P1432_8_Rat_135_intact_BAT_Vehicle_S8_L001_R1_001.fastq.gz...
application/gzip
Started analysis of P1432_8_Rat_135_intact_BAT_Vehicle_S8_L001_R1_001.fastq.gz
Approx 5% complete for P1432_8_Rat_135_intact_BAT_Vehicle_S8_L001_R1_001.fastq.gz
Approx 10% complete for P1432_8_Rat_135_intact_BAT_Vehicle_S8_L001_R1_001.fastq.gz
Approx 15% complete for P1432_8_Rat_135_intact_BAT_Vehicle_S8_L001_R1_001.fastq.gz
Approx 20% complete for P1432_8_Rat_135_intact_BAT_Vehicle_S8_L001_R1_001.fastq.gz
Approx 25% complete for P1432_8_Rat_135_intact_BAT_Vehicle_S8_L001_R1_001.fastq.gz
Approx 30% complete for P1432_8_Rat_135_intact_BAT_Vehicle_S8_L001_R1_001.fastq.gz
Approx 35% complete for P1432_8_Rat_135_intact_BAT_Vehicle_S8_L001_R1_001.fastq.gz
Approx 40% complete for P1432_8_Rat_135_intact_BAT_Vehicle_S8_L001_R1_001.fastq.gz
Approx 45% complete for P1432_8_Rat_135_intact_BAT_Vehicle_S8_L001_R1_001.fastq.gz
Approx 50% complete for P1432_8_Rat_135_intact_BAT_Vehicle_S8_L001_R1_001.fastq.gz
Approx 55% complete for P1432_8_Rat_135_intact_BAT_Vehicle_S8_L001_R1_001.fastq.gz
Approx 60% complete for P1432_8_Rat_135_intact_BAT_Vehicle_S8_L001_R1_001.fastq.gz
Approx 65% complete for P1432_8_Rat_135_intact_BAT_Vehicle_S8_L001_R1_001.fastq.gz
Approx 70% complete for P1432_8_Rat_135_intact_BAT_Vehicle_S8_L001_R1_001.fastq.gz
Approx 75% complete for P1432_8_Rat_135_intact_BAT_Vehicle_S8_L001_R1_001.fastq.gz
Approx 80% complete for P1432_8_Rat_135_intact_BAT_Vehicle_S8_L001_R1_001.fastq.gz
Approx 85% complete for P1432_8_Rat_135_intact_BAT_Vehicle_S8_L001_R1_001.fastq.gz
Approx 90% complete for P1432_8_Rat_135_intact_BAT_Vehicle_S8_L001_R1_001.fastq.gz
Approx 95% complete for P1432_8_Rat_135_intact_BAT_Vehicle_S8_L001_R1_001.fastq.gz
Analysis complete for P1432_8_Rat_135_intact_BAT_Vehicle_S8_L001_R1_001.fastq.gz
Running FastQC on ../P1432_fastqs/P1432_9_Rat_136_intact_BAT_Vehicle_S9_L001_R1_001.fastq.gz...
application/gzip
Started analysis of P1432_9_Rat_136_intact_BAT_Vehicle_S9_L001_R1_001.fastq.gz
Approx 5% complete for P1432_9_Rat_136_intact_BAT_Vehicle_S9_L001_R1_001.fastq.gz
Approx 10% complete for P1432_9_Rat_136_intact_BAT_Vehicle_S9_L001_R1_001.fastq.gz
Approx 15% complete for P1432_9_Rat_136_intact_BAT_Vehicle_S9_L001_R1_001.fastq.gz
Approx 20% complete for P1432_9_Rat_136_intact_BAT_Vehicle_S9_L001_R1_001.fastq.gz
Approx 25% complete for P1432_9_Rat_136_intact_BAT_Vehicle_S9_L001_R1_001.fastq.gz
Approx 30% complete for P1432_9_Rat_136_intact_BAT_Vehicle_S9_L001_R1_001.fastq.gz
Approx 35% complete for P1432_9_Rat_136_intact_BAT_Vehicle_S9_L001_R1_001.fastq.gz
Approx 40% complete for P1432_9_Rat_136_intact_BAT_Vehicle_S9_L001_R1_001.fastq.gz
Approx 45% complete for P1432_9_Rat_136_intact_BAT_Vehicle_S9_L001_R1_001.fastq.gz
Approx 50% complete for P1432_9_Rat_136_intact_BAT_Vehicle_S9_L001_R1_001.fastq.gz
Approx 55% complete for P1432_9_Rat_136_intact_BAT_Vehicle_S9_L001_R1_001.fastq.gz
Approx 60% complete for P1432_9_Rat_136_intact_BAT_Vehicle_S9_L001_R1_001.fastq.gz
Approx 65% complete for P1432_9_Rat_136_intact_BAT_Vehicle_S9_L001_R1_001.fastq.gz
Approx 70% complete for P1432_9_Rat_136_intact_BAT_Vehicle_S9_L001_R1_001.fastq.gz
Approx 75% complete for P1432_9_Rat_136_intact_BAT_Vehicle_S9_L001_R1_001.fastq.gz
Approx 80% complete for P1432_9_Rat_136_intact_BAT_Vehicle_S9_L001_R1_001.fastq.gz
Approx 85% complete for P1432_9_Rat_136_intact_BAT_Vehicle_S9_L001_R1_001.fastq.gz
Approx 90% complete for P1432_9_Rat_136_intact_BAT_Vehicle_S9_L001_R1_001.fastq.gz
Approx 95% complete for P1432_9_Rat_136_intact_BAT_Vehicle_S9_L001_R1_001.fastq.gz
Analysis complete for P1432_9_Rat_136_intact_BAT_Vehicle_S9_L001_R1_001.fastq.gz
Generating MultiQC report...

/// MultiQC  v1.24.1

       file_search | Search path: /scratch/aitken.n/data/miRNA/P1432_fastqc_reports

            fastqc | Found 48 reports

     write_results | Data        : /scratch/aitken.n/data/miRNA/P1432_fastqc_reports/multiqc_data
     write_results | Report      : /scratch/aitken.n/data/miRNA/P1432_fastqc_reports/multiqc_report.html
           multiqc | MultiQC complete
FastQC analysis complete. Reports are saved in ../P1432_fastqc_reports.
